CRITICAL - 2026-07-21 07:30:18 --> Error: Cannot use object of type App\Models\PromotionModel as array
[Method: GET, Route: voirPromotion]
in APPPATH/Controllers/Operateur.php on line 281.
 1 SYSTEMPATH/CodeIgniter.php(951): App\Controllers\Operateur->promotion()
 2 SYSTEMPATH/CodeIgniter.php(497): CodeIgniter\CodeIgniter->runController()
 3 SYSTEMPATH/CodeIgniter.php(340): CodeIgniter\CodeIgniter->handleRequest()
 4 SYSTEMPATH/Boot.php(417): CodeIgniter\CodeIgniter->run()
 5 SYSTEMPATH/Boot.php(68): CodeIgniter\Boot::runCodeIgniter()
 6 FCPATH/index.php(59): CodeIgniter\Boot::bootWeb()
 7 SYSTEMPATH/rewrite.php(44): require_once('/home/tendry/Documents/GitHub/Operateurs/public/index.php')
ERROR - 2026-07-21 07:58:25 --> Unable to prepare statement: no such column: utilisateurs.idUtilisateur
in SYSTEMPATH/Database/SQLite3/Connection.php on line 164.
 1 SYSTEMPATH/Database/SQLite3/Connection.php(164): SQLite3->query()
 2 SYSTEMPATH/Database/BaseConnection.php(910): CodeIgniter\Database\SQLite3\Connection->execute()
 3 SYSTEMPATH/Database/BaseConnection.php(827): CodeIgniter\Database\BaseConnection->simpleQuery()
 4 SYSTEMPATH/Database/BaseBuilder.php(1649): CodeIgniter\Database\BaseConnection->query()
 5 APPPATH/Models/EpargneModel.php(19): CodeIgniter\Database\BaseBuilder->get()
 6 APPPATH/Controllers/Utilisateur.php(89): App\Models\EpargneModel->getEpargneByClient()
 7 SYSTEMPATH/CodeIgniter.php(951): App\Controllers\Utilisateur->epargne()
 8 SYSTEMPATH/CodeIgniter.php(497): CodeIgniter\CodeIgniter->runController()
 9 SYSTEMPATH/CodeIgniter.php(340): CodeIgniter\CodeIgniter->handleRequest()
10 SYSTEMPATH/Boot.php(417): CodeIgniter\CodeIgniter->run()
11 SYSTEMPATH/Boot.php(68): CodeIgniter\Boot::runCodeIgniter()
12 FCPATH/index.php(59): CodeIgniter\Boot::bootWeb()
13 SYSTEMPATH/rewrite.php(44): require_once('/home/ideapad/S4/SI/Operateurs/public/index.php')
CRITICAL - 2026-07-21 07:58:25 --> CodeIgniter\Database\Exceptions\DatabaseException: Unable to prepare statement: no such column: utilisateurs.idUtilisateur
[Method: GET, Route: epargne]
in SYSTEMPATH/Database/BaseConnection.php on line 865.
 1 SYSTEMPATH/Database/BaseBuilder.php(1649): CodeIgniter\Database\BaseConnection->query()
 2 APPPATH/Models/EpargneModel.php(19): CodeIgniter\Database\BaseBuilder->get()
 3 APPPATH/Controllers/Utilisateur.php(89): App\Models\EpargneModel->getEpargneByClient()
 4 SYSTEMPATH/CodeIgniter.php(951): App\Controllers\Utilisateur->epargne()
 5 SYSTEMPATH/CodeIgniter.php(497): CodeIgniter\CodeIgniter->runController()
 6 SYSTEMPATH/CodeIgniter.php(340): CodeIgniter\CodeIgniter->handleRequest()
 7 SYSTEMPATH/Boot.php(417): CodeIgniter\CodeIgniter->run()
 8 SYSTEMPATH/Boot.php(68): CodeIgniter\Boot::runCodeIgniter()
 9 FCPATH/index.php(59): CodeIgniter\Boot::bootWeb()
10 SYSTEMPATH/rewrite.php(44): require_once('/home/ideapad/S4/SI/Operateurs/public/index.php')
CRITICAL - 2026-07-21 07:58:25 --> [Caused by] CodeIgniter\Database\Exceptions\DatabaseException: Unable to prepare statement: no such column: utilisateurs.idUtilisateur
in SYSTEMPATH/Database/SQLite3/Connection.php on line 174.
 1 SYSTEMPATH/Database/BaseConnection.php(910): CodeIgniter\Database\SQLite3\Connection->execute()
 2 SYSTEMPATH/Database/BaseConnection.php(827): CodeIgniter\Database\BaseConnection->simpleQuery()
 3 SYSTEMPATH/Database/BaseBuilder.php(1649): CodeIgniter\Database\BaseConnection->query()
 4 APPPATH/Models/EpargneModel.php(19): CodeIgniter\Database\BaseBuilder->get()
 5 APPPATH/Controllers/Utilisateur.php(89): App\Models\EpargneModel->getEpargneByClient()
 6 SYSTEMPATH/CodeIgniter.php(951): App\Controllers\Utilisateur->epargne()
 7 SYSTEMPATH/CodeIgniter.php(497): CodeIgniter\CodeIgniter->runController()
 8 SYSTEMPATH/CodeIgniter.php(340): CodeIgniter\CodeIgniter->handleRequest()
 9 SYSTEMPATH/Boot.php(417): CodeIgniter\CodeIgniter->run()
10 SYSTEMPATH/Boot.php(68): CodeIgniter\Boot::runCodeIgniter()
11 FCPATH/index.php(59): CodeIgniter\Boot::bootWeb()
12 SYSTEMPATH/rewrite.php(44): require_once('/home/ideapad/S4/SI/Operateurs/public/index.php')
CRITICAL - 2026-07-21 07:58:25 --> [Caused by] SQLite3Exception: Unable to prepare statement: no such column: utilisateurs.idUtilisateur
in SYSTEMPATH/Database/SQLite3/Connection.php on line 164.
 1 SYSTEMPATH/Database/SQLite3/Connection.php(164): SQLite3->query()
 2 SYSTEMPATH/Database/BaseConnection.php(910): CodeIgniter\Database\SQLite3\Connection->execute()
 3 SYSTEMPATH/Database/BaseConnection.php(827): CodeIgniter\Database\BaseConnection->simpleQuery()
 4 SYSTEMPATH/Database/BaseBuilder.php(1649): CodeIgniter\Database\BaseConnection->query()
 5 APPPATH/Models/EpargneModel.php(19): CodeIgniter\Database\BaseBuilder->get()
 6 APPPATH/Controllers/Utilisateur.php(89): App\Models\EpargneModel->getEpargneByClient()
 7 SYSTEMPATH/CodeIgniter.php(951): App\Controllers\Utilisateur->epargne()
 8 SYSTEMPATH/CodeIgniter.php(497): CodeIgniter\CodeIgniter->runController()
 9 SYSTEMPATH/CodeIgniter.php(340): CodeIgniter\CodeIgniter->handleRequest()
10 SYSTEMPATH/Boot.php(417): CodeIgniter\CodeIgniter->run()
11 SYSTEMPATH/Boot.php(68): CodeIgniter\Boot::runCodeIgniter()
12 FCPATH/index.php(59): CodeIgniter\Boot::bootWeb()
13 SYSTEMPATH/rewrite.php(44): require_once('/home/ideapad/S4/SI/Operateurs/public/index.php')
ERROR - 2026-07-21 08:00:08 --> Unable to prepare statement: no such column: epargne.idOperateur
in SYSTEMPATH/Database/SQLite3/Connection.php on line 164.
 1 SYSTEMPATH/Database/SQLite3/Connection.php(164): SQLite3->query()
 2 SYSTEMPATH/Database/BaseConnection.php(910): CodeIgniter\Database\SQLite3\Connection->execute()
 3 SYSTEMPATH/Database/BaseConnection.php(827): CodeIgniter\Database\BaseConnection->simpleQuery()
 4 SYSTEMPATH/Database/BaseBuilder.php(1649): CodeIgniter\Database\BaseConnection->query()
 5 APPPATH/Models/EpargneModel.php(23): CodeIgniter\Database\BaseBuilder->get()
 6 APPPATH/Controllers/Utilisateur.php(89): App\Models\EpargneModel->getEpargneByClient()
 7 SYSTEMPATH/CodeIgniter.php(951): App\Controllers\Utilisateur->epargne()
 8 SYSTEMPATH/CodeIgniter.php(497): CodeIgniter\CodeIgniter->runController()
 9 SYSTEMPATH/CodeIgniter.php(340): CodeIgniter\CodeIgniter->handleRequest()
10 SYSTEMPATH/Boot.php(417): CodeIgniter\CodeIgniter->run()
11 SYSTEMPATH/Boot.php(68): CodeIgniter\Boot::runCodeIgniter()
12 FCPATH/index.php(59): CodeIgniter\Boot::bootWeb()
13 SYSTEMPATH/rewrite.php(44): require_once('/home/ideapad/S4/SI/Operateurs/public/index.php')
CRITICAL - 2026-07-21 08:00:08 --> CodeIgniter\Database\Exceptions\DatabaseException: Unable to prepare statement: no such column: epargne.idOperateur
[Method: GET, Route: epargne]
in SYSTEMPATH/Database/BaseConnection.php on line 865.
 1 SYSTEMPATH/Database/BaseBuilder.php(1649): CodeIgniter\Database\BaseConnection->query()
 2 APPPATH/Models/EpargneModel.php(23): CodeIgniter\Database\BaseBuilder->get()
 3 APPPATH/Controllers/Utilisateur.php(89): App\Models\EpargneModel->getEpargneByClient()
 4 SYSTEMPATH/CodeIgniter.php(951): App\Controllers\Utilisateur->epargne()
 5 SYSTEMPATH/CodeIgniter.php(497): CodeIgniter\CodeIgniter->runController()
 6 SYSTEMPATH/CodeIgniter.php(340): CodeIgniter\CodeIgniter->handleRequest()
 7 SYSTEMPATH/Boot.php(417): CodeIgniter\CodeIgniter->run()
 8 SYSTEMPATH/Boot.php(68): CodeIgniter\Boot::runCodeIgniter()
 9 FCPATH/index.php(59): CodeIgniter\Boot::bootWeb()
10 SYSTEMPATH/rewrite.php(44): require_once('/home/ideapad/S4/SI/Operateurs/public/index.php')
CRITICAL - 2026-07-21 08:00:08 --> [Caused by] CodeIgniter\Database\Exceptions\DatabaseException: Unable to prepare statement: no such column: epargne.idOperateur
in SYSTEMPATH/Database/SQLite3/Connection.php on line 174.
 1 SYSTEMPATH/Database/BaseConnection.php(910): CodeIgniter\Database\SQLite3\Connection->execute()
 2 SYSTEMPATH/Database/BaseConnection.php(827): CodeIgniter\Database\BaseConnection->simpleQuery()
 3 SYSTEMPATH/Database/BaseBuilder.php(1649): CodeIgniter\Database\BaseConnection->query()
 4 APPPATH/Models/EpargneModel.php(23): CodeIgniter\Database\BaseBuilder->get()
 5 APPPATH/Controllers/Utilisateur.php(89): App\Models\EpargneModel->getEpargneByClient()
 6 SYSTEMPATH/CodeIgniter.php(951): App\Controllers\Utilisateur->epargne()
 7 SYSTEMPATH/CodeIgniter.php(497): CodeIgniter\CodeIgniter->runController()
 8 SYSTEMPATH/CodeIgniter.php(340): CodeIgniter\CodeIgniter->handleRequest()
 9 SYSTEMPATH/Boot.php(417): CodeIgniter\CodeIgniter->run()
10 SYSTEMPATH/Boot.php(68): CodeIgniter\Boot::runCodeIgniter()
11 FCPATH/index.php(59): CodeIgniter\Boot::bootWeb()
12 SYSTEMPATH/rewrite.php(44): require_once('/home/ideapad/S4/SI/Operateurs/public/index.php')
CRITICAL - 2026-07-21 08:00:08 --> [Caused by] SQLite3Exception: Unable to prepare statement: no such column: epargne.idOperateur
in SYSTEMPATH/Database/SQLite3/Connection.php on line 164.
 1 SYSTEMPATH/Database/SQLite3/Connection.php(164): SQLite3->query()
 2 SYSTEMPATH/Database/BaseConnection.php(910): CodeIgniter\Database\SQLite3\Connection->execute()
 3 SYSTEMPATH/Database/BaseConnection.php(827): CodeIgniter\Database\BaseConnection->simpleQuery()
 4 SYSTEMPATH/Database/BaseBuilder.php(1649): CodeIgniter\Database\BaseConnection->query()
 5 APPPATH/Models/EpargneModel.php(23): CodeIgniter\Database\BaseBuilder->get()
 6 APPPATH/Controllers/Utilisateur.php(89): App\Models\EpargneModel->getEpargneByClient()
 7 SYSTEMPATH/CodeIgniter.php(951): App\Controllers\Utilisateur->epargne()
 8 SYSTEMPATH/CodeIgniter.php(497): CodeIgniter\CodeIgniter->runController()
 9 SYSTEMPATH/CodeIgniter.php(340): CodeIgniter\CodeIgniter->handleRequest()
10 SYSTEMPATH/Boot.php(417): CodeIgniter\CodeIgniter->run()
11 SYSTEMPATH/Boot.php(68): CodeIgniter\Boot::runCodeIgniter()
12 FCPATH/index.php(59): CodeIgniter\Boot::bootWeb()
13 SYSTEMPATH/rewrite.php(44): require_once('/home/ideapad/S4/SI/Operateurs/public/index.php')
CRITICAL - 2026-07-21 08:00:31 --> ErrorException: Undefined variable $epargne
[Method: GET, Route: epargne]
in APPPATH/Views/clients/epargne.php on line 99.
 1 APPPATH/Views/clients/epargne.php(99): CodeIgniter\Debug\Exceptions->errorHandler()
 2 SYSTEMPATH/View/View.php(240): include('/home/ideapad/S4/SI/Operateurs/app/Views/clients/epargne.php')
 3 SYSTEMPATH/View/View.php(243): CodeIgniter\View\View->CodeIgniter\View\{closure}()
 4 SYSTEMPATH/Common.php(1250): CodeIgniter\View\View->render()
 5 APPPATH/Controllers/Utilisateur.php(97): view()
 6 SYSTEMPATH/CodeIgniter.php(951): App\Controllers\Utilisateur->epargne()
 7 SYSTEMPATH/CodeIgniter.php(497): CodeIgniter\CodeIgniter->runController()
 8 SYSTEMPATH/CodeIgniter.php(340): CodeIgniter\CodeIgniter->handleRequest()
 9 SYSTEMPATH/Boot.php(417): CodeIgniter\CodeIgniter->run()
10 SYSTEMPATH/Boot.php(68): CodeIgniter\Boot::runCodeIgniter()
11 FCPATH/index.php(59): CodeIgniter\Boot::bootWeb()
12 SYSTEMPATH/rewrite.php(44): require_once('/home/ideapad/S4/SI/Operateurs/public/index.php')
CRITICAL - 2026-07-21 08:01:03 --> ErrorException: Trying to access array offset on null
[Method: GET, Route: epargne]
in APPPATH/Views/clients/epargne.php on line 99.
 1 APPPATH/Views/clients/epargne.php(99): CodeIgniter\Debug\Exceptions->errorHandler()
 2 SYSTEMPATH/View/View.php(240): include('/home/ideapad/S4/SI/Operateurs/app/Views/clients/epargne.php')
 3 SYSTEMPATH/View/View.php(243): CodeIgniter\View\View->CodeIgniter\View\{closure}()
 4 SYSTEMPATH/Common.php(1250): CodeIgniter\View\View->render()
 5 APPPATH/Controllers/Utilisateur.php(97): view()
 6 SYSTEMPATH/CodeIgniter.php(951): App\Controllers\Utilisateur->epargne()
 7 SYSTEMPATH/CodeIgniter.php(497): CodeIgniter\CodeIgniter->runController()
 8 SYSTEMPATH/CodeIgniter.php(340): CodeIgniter\CodeIgniter->handleRequest()
 9 SYSTEMPATH/Boot.php(417): CodeIgniter\CodeIgniter->run()
10 SYSTEMPATH/Boot.php(68): CodeIgniter\Boot::runCodeIgniter()
11 FCPATH/index.php(59): CodeIgniter\Boot::bootWeb()
12 SYSTEMPATH/rewrite.php(44): require_once('/home/ideapad/S4/SI/Operateurs/public/index.php')
CRITICAL - 2026-07-21 08:04:01 --> ErrorException: Undefined array key "pourcentage"
[Method: GET, Route: epargne]
in APPPATH/Views/clients/epargne.php on line 57.
 1 APPPATH/Views/clients/epargne.php(57): CodeIgniter\Debug\Exceptions->errorHandler()
 2 SYSTEMPATH/View/View.php(240): include('/home/ideapad/S4/SI/Operateurs/app/Views/clients/epargne.php')
 3 SYSTEMPATH/View/View.php(243): CodeIgniter\View\View->CodeIgniter\View\{closure}()
 4 SYSTEMPATH/Common.php(1250): CodeIgniter\View\View->render()
 5 APPPATH/Controllers/Utilisateur.php(92): view()
 6 SYSTEMPATH/CodeIgniter.php(951): App\Controllers\Utilisateur->epargne()
 7 SYSTEMPATH/CodeIgniter.php(497): CodeIgniter\CodeIgniter->runController()
 8 SYSTEMPATH/CodeIgniter.php(340): CodeIgniter\CodeIgniter->handleRequest()
 9 SYSTEMPATH/Boot.php(417): CodeIgniter\CodeIgniter->run()
10 SYSTEMPATH/Boot.php(68): CodeIgniter\Boot::runCodeIgniter()
11 FCPATH/index.php(59): CodeIgniter\Boot::bootWeb()
12 SYSTEMPATH/rewrite.php(44): require_once('/home/ideapad/S4/SI/Operateurs/public/index.php')
CRITICAL - 2026-07-21 08:04:32 --> ErrorException: Undefined array key "pourcentage"
[Method: GET, Route: epargne]
in APPPATH/Views/clients/epargne.php on line 57.
 1 APPPATH/Views/clients/epargne.php(57): CodeIgniter\Debug\Exceptions->errorHandler()
 2 SYSTEMPATH/View/View.php(240): include('/home/ideapad/S4/SI/Operateurs/app/Views/clients/epargne.php')
 3 SYSTEMPATH/View/View.php(243): CodeIgniter\View\View->CodeIgniter\View\{closure}()
 4 SYSTEMPATH/Common.php(1250): CodeIgniter\View\View->render()
 5 APPPATH/Controllers/Utilisateur.php(92): view()
 6 SYSTEMPATH/CodeIgniter.php(951): App\Controllers\Utilisateur->epargne()
 7 SYSTEMPATH/CodeIgniter.php(497): CodeIgniter\CodeIgniter->runController()
 8 SYSTEMPATH/CodeIgniter.php(340): CodeIgniter\CodeIgniter->handleRequest()
 9 SYSTEMPATH/Boot.php(417): CodeIgniter\CodeIgniter->run()
10 SYSTEMPATH/Boot.php(68): CodeIgniter\Boot::runCodeIgniter()
11 FCPATH/index.php(59): CodeIgniter\Boot::bootWeb()
12 SYSTEMPATH/rewrite.php(44): require_once('/home/ideapad/S4/SI/Operateurs/public/index.php')
CRITICAL - 2026-07-21 08:04:47 --> ErrorException: Undefined array key "pourcentage"
[Method: GET, Route: epargne]
in APPPATH/Views/clients/epargne.php on line 57.
 1 APPPATH/Views/clients/epargne.php(57): CodeIgniter\Debug\Exceptions->errorHandler()
 2 SYSTEMPATH/View/View.php(240): include('/home/ideapad/S4/SI/Operateurs/app/Views/clients/epargne.php')
 3 SYSTEMPATH/View/View.php(243): CodeIgniter\View\View->CodeIgniter\View\{closure}()
 4 SYSTEMPATH/Common.php(1250): CodeIgniter\View\View->render()
 5 APPPATH/Controllers/Utilisateur.php(92): view()
 6 SYSTEMPATH/CodeIgniter.php(951): App\Controllers\Utilisateur->epargne()
 7 SYSTEMPATH/CodeIgniter.php(497): CodeIgniter\CodeIgniter->runController()
 8 SYSTEMPATH/CodeIgniter.php(340): CodeIgniter\CodeIgniter->handleRequest()
 9 SYSTEMPATH/Boot.php(417): CodeIgniter\CodeIgniter->run()
10 SYSTEMPATH/Boot.php(68): CodeIgniter\Boot::runCodeIgniter()
11 FCPATH/index.php(59): CodeIgniter\Boot::bootWeb()
12 SYSTEMPATH/rewrite.php(44): require_once('/home/ideapad/S4/SI/Operateurs/public/index.php')
CRITICAL - 2026-07-21 08:04:47 --> ErrorException: Undefined array key "pourcentage"
[Method: GET, Route: epargne]
in APPPATH/Views/clients/epargne.php on line 57.
 1 APPPATH/Views/clients/epargne.php(57): CodeIgniter\Debug\Exceptions->errorHandler()
 2 SYSTEMPATH/View/View.php(240): include('/home/ideapad/S4/SI/Operateurs/app/Views/clients/epargne.php')
 3 SYSTEMPATH/View/View.php(243): CodeIgniter\View\View->CodeIgniter\View\{closure}()
 4 SYSTEMPATH/Common.php(1250): CodeIgniter\View\View->render()
 5 APPPATH/Controllers/Utilisateur.php(92): view()
 6 SYSTEMPATH/CodeIgniter.php(951): App\Controllers\Utilisateur->epargne()
 7 SYSTEMPATH/CodeIgniter.php(497): CodeIgniter\CodeIgniter->runController()
 8 SYSTEMPATH/CodeIgniter.php(340): CodeIgniter\CodeIgniter->handleRequest()
 9 SYSTEMPATH/Boot.php(417): CodeIgniter\CodeIgniter->run()
10 SYSTEMPATH/Boot.php(68): CodeIgniter\Boot::runCodeIgniter()
11 FCPATH/index.php(59): CodeIgniter\Boot::bootWeb()
12 SYSTEMPATH/rewrite.php(44): require_once('/home/ideapad/S4/SI/Operateurs/public/index.php')
CRITICAL - 2026-07-21 08:04:50 --> ErrorException: Undefined array key "pourcentage"
[Method: GET, Route: epargne]
in APPPATH/Views/clients/epargne.php on line 57.
 1 APPPATH/Views/clients/epargne.php(57): CodeIgniter\Debug\Exceptions->errorHandler()
 2 SYSTEMPATH/View/View.php(240): include('/home/ideapad/S4/SI/Operateurs/app/Views/clients/epargne.php')
 3 SYSTEMPATH/View/View.php(243): CodeIgniter\View\View->CodeIgniter\View\{closure}()
 4 SYSTEMPATH/Common.php(1250): CodeIgniter\View\View->render()
 5 APPPATH/Controllers/Utilisateur.php(92): view()
 6 SYSTEMPATH/CodeIgniter.php(951): App\Controllers\Utilisateur->epargne()
 7 SYSTEMPATH/CodeIgniter.php(497): CodeIgniter\CodeIgniter->runController()
 8 SYSTEMPATH/CodeIgniter.php(340): CodeIgniter\CodeIgniter->handleRequest()
 9 SYSTEMPATH/Boot.php(417): CodeIgniter\CodeIgniter->run()
10 SYSTEMPATH/Boot.php(68): CodeIgniter\Boot::runCodeIgniter()
11 FCPATH/index.php(59): CodeIgniter\Boot::bootWeb()
12 SYSTEMPATH/rewrite.php(44): require_once('/home/ideapad/S4/SI/Operateurs/public/index.php')
CRITICAL - 2026-07-21 08:05:26 --> ErrorException: Array to string conversion
[Method: GET, Route: epargne]
in APPPATH/Views/clients/epargne.php on line 57.
 1 APPPATH/Views/clients/epargne.php(57): CodeIgniter\Debug\Exceptions->errorHandler()
 2 SYSTEMPATH/View/View.php(240): include('/home/ideapad/S4/SI/Operateurs/app/Views/clients/epargne.php')
 3 SYSTEMPATH/View/View.php(243): CodeIgniter\View\View->CodeIgniter\View\{closure}()
 4 SYSTEMPATH/Common.php(1250): CodeIgniter\View\View->render()
 5 APPPATH/Controllers/Utilisateur.php(92): view()
 6 SYSTEMPATH/CodeIgniter.php(951): App\Controllers\Utilisateur->epargne()
 7 SYSTEMPATH/CodeIgniter.php(497): CodeIgniter\CodeIgniter->runController()
 8 SYSTEMPATH/CodeIgniter.php(340): CodeIgniter\CodeIgniter->handleRequest()
 9 SYSTEMPATH/Boot.php(417): CodeIgniter\CodeIgniter->run()
10 SYSTEMPATH/Boot.php(68): CodeIgniter\Boot::runCodeIgniter()
11 FCPATH/index.php(59): CodeIgniter\Boot::bootWeb()
12 SYSTEMPATH/rewrite.php(44): require_once('/home/ideapad/S4/SI/Operateurs/public/index.php')
CRITICAL - 2026-07-21 08:05:27 --> ErrorException: Array to string conversion
[Method: GET, Route: epargne]
in APPPATH/Views/clients/epargne.php on line 57.
 1 APPPATH/Views/clients/epargne.php(57): CodeIgniter\Debug\Exceptions->errorHandler()
 2 SYSTEMPATH/View/View.php(240): include('/home/ideapad/S4/SI/Operateurs/app/Views/clients/epargne.php')
 3 SYSTEMPATH/View/View.php(243): CodeIgniter\View\View->CodeIgniter\View\{closure}()
 4 SYSTEMPATH/Common.php(1250): CodeIgniter\View\View->render()
 5 APPPATH/Controllers/Utilisateur.php(92): view()
 6 SYSTEMPATH/CodeIgniter.php(951): App\Controllers\Utilisateur->epargne()
 7 SYSTEMPATH/CodeIgniter.php(497): CodeIgniter\CodeIgniter->runController()
 8 SYSTEMPATH/CodeIgniter.php(340): CodeIgniter\CodeIgniter->handleRequest()
 9 SYSTEMPATH/Boot.php(417): CodeIgniter\CodeIgniter->run()
10 SYSTEMPATH/Boot.php(68): CodeIgniter\Boot::runCodeIgniter()
11 FCPATH/index.php(59): CodeIgniter\Boot::bootWeb()
12 SYSTEMPATH/rewrite.php(44): require_once('/home/ideapad/S4/SI/Operateurs/public/index.php')
CRITICAL - 2026-07-21 08:05:27 --> ErrorException: Array to string conversion
[Method: GET, Route: epargne]
in APPPATH/Views/clients/epargne.php on line 57.
 1 APPPATH/Views/clients/epargne.php(57): CodeIgniter\Debug\Exceptions->errorHandler()
 2 SYSTEMPATH/View/View.php(240): include('/home/ideapad/S4/SI/Operateurs/app/Views/clients/epargne.php')
 3 SYSTEMPATH/View/View.php(243): CodeIgniter\View\View->CodeIgniter\View\{closure}()
 4 SYSTEMPATH/Common.php(1250): CodeIgniter\View\View->render()
 5 APPPATH/Controllers/Utilisateur.php(92): view()
 6 SYSTEMPATH/CodeIgniter.php(951): App\Controllers\Utilisateur->epargne()
 7 SYSTEMPATH/CodeIgniter.php(497): CodeIgniter\CodeIgniter->runController()
 8 SYSTEMPATH/CodeIgniter.php(340): CodeIgniter\CodeIgniter->handleRequest()
 9 SYSTEMPATH/Boot.php(417): CodeIgniter\CodeIgniter->run()
10 SYSTEMPATH/Boot.php(68): CodeIgniter\Boot::runCodeIgniter()
11 FCPATH/index.php(59): CodeIgniter\Boot::bootWeb()
12 SYSTEMPATH/rewrite.php(44): require_once('/home/ideapad/S4/SI/Operateurs/public/index.php')
CRITICAL - 2026-07-21 08:06:08 --> ErrorException: Undefined array key "pourcentage"
[Method: GET, Route: epargne]
in APPPATH/Views/clients/epargne.php on line 57.
 1 APPPATH/Views/clients/epargne.php(57): CodeIgniter\Debug\Exceptions->errorHandler()
 2 SYSTEMPATH/View/View.php(240): include('/home/ideapad/S4/SI/Operateurs/app/Views/clients/epargne.php')
 3 SYSTEMPATH/View/View.php(243): CodeIgniter\View\View->CodeIgniter\View\{closure}()
 4 SYSTEMPATH/Common.php(1250): CodeIgniter\View\View->render()
 5 APPPATH/Controllers/Utilisateur.php(92): view()
 6 SYSTEMPATH/CodeIgniter.php(951): App\Controllers\Utilisateur->epargne()
 7 SYSTEMPATH/CodeIgniter.php(497): CodeIgniter\CodeIgniter->runController()
 8 SYSTEMPATH/CodeIgniter.php(340): CodeIgniter\CodeIgniter->handleRequest()
 9 SYSTEMPATH/Boot.php(417): CodeIgniter\CodeIgniter->run()
10 SYSTEMPATH/Boot.php(68): CodeIgniter\Boot::runCodeIgniter()
11 FCPATH/index.php(59): CodeIgniter\Boot::bootWeb()
12 SYSTEMPATH/rewrite.php(44): require_once('/home/ideapad/S4/SI/Operateurs/public/index.php')
CRITICAL - 2026-07-21 08:06:09 --> ErrorException: Undefined array key "pourcentage"
[Method: GET, Route: epargne]
in APPPATH/Views/clients/epargne.php on line 57.
 1 APPPATH/Views/clients/epargne.php(57): CodeIgniter\Debug\Exceptions->errorHandler()
 2 SYSTEMPATH/View/View.php(240): include('/home/ideapad/S4/SI/Operateurs/app/Views/clients/epargne.php')
 3 SYSTEMPATH/View/View.php(243): CodeIgniter\View\View->CodeIgniter\View\{closure}()
 4 SYSTEMPATH/Common.php(1250): CodeIgniter\View\View->render()
 5 APPPATH/Controllers/Utilisateur.php(92): view()
 6 SYSTEMPATH/CodeIgniter.php(951): App\Controllers\Utilisateur->epargne()
 7 SYSTEMPATH/CodeIgniter.php(497): CodeIgniter\CodeIgniter->runController()
 8 SYSTEMPATH/CodeIgniter.php(340): CodeIgniter\CodeIgniter->handleRequest()
 9 SYSTEMPATH/Boot.php(417): CodeIgniter\CodeIgniter->run()
10 SYSTEMPATH/Boot.php(68): CodeIgniter\Boot::runCodeIgniter()
11 FCPATH/index.php(59): CodeIgniter\Boot::bootWeb()
12 SYSTEMPATH/rewrite.php(44): require_once('/home/ideapad/S4/SI/Operateurs/public/index.php')
CRITICAL - 2026-07-21 08:06:43 --> ErrorException: Undefined array key "pourcentage"
[Method: GET, Route: epargne]
in APPPATH/Views/clients/epargne.php on line 57.
 1 APPPATH/Views/clients/epargne.php(57): CodeIgniter\Debug\Exceptions->errorHandler()
 2 SYSTEMPATH/View/View.php(240): include('/home/ideapad/S4/SI/Operateurs/app/Views/clients/epargne.php')
 3 SYSTEMPATH/View/View.php(243): CodeIgniter\View\View->CodeIgniter\View\{closure}()
 4 SYSTEMPATH/Common.php(1250): CodeIgniter\View\View->render()
 5 APPPATH/Controllers/Utilisateur.php(94): view()
 6 SYSTEMPATH/CodeIgniter.php(951): App\Controllers\Utilisateur->epargne()
 7 SYSTEMPATH/CodeIgniter.php(497): CodeIgniter\CodeIgniter->runController()
 8 SYSTEMPATH/CodeIgniter.php(340): CodeIgniter\CodeIgniter->handleRequest()
 9 SYSTEMPATH/Boot.php(417): CodeIgniter\CodeIgniter->run()
10 SYSTEMPATH/Boot.php(68): CodeIgniter\Boot::runCodeIgniter()
11 FCPATH/index.php(59): CodeIgniter\Boot::bootWeb()
12 SYSTEMPATH/rewrite.php(44): require_once('/home/ideapad/S4/SI/Operateurs/public/index.php')
CRITICAL - 2026-07-21 08:06:46 --> ErrorException: Undefined array key "pourcentage"
[Method: GET, Route: epargne]
in APPPATH/Views/clients/epargne.php on line 57.
 1 APPPATH/Views/clients/epargne.php(57): CodeIgniter\Debug\Exceptions->errorHandler()
 2 SYSTEMPATH/View/View.php(240): include('/home/ideapad/S4/SI/Operateurs/app/Views/clients/epargne.php')
 3 SYSTEMPATH/View/View.php(243): CodeIgniter\View\View->CodeIgniter\View\{closure}()
 4 SYSTEMPATH/Common.php(1250): CodeIgniter\View\View->render()
 5 APPPATH/Controllers/Utilisateur.php(94): view()
 6 SYSTEMPATH/CodeIgniter.php(951): App\Controllers\Utilisateur->epargne()
 7 SYSTEMPATH/CodeIgniter.php(497): CodeIgniter\CodeIgniter->runController()
 8 SYSTEMPATH/CodeIgniter.php(340): CodeIgniter\CodeIgniter->handleRequest()
 9 SYSTEMPATH/Boot.php(417): CodeIgniter\CodeIgniter->run()
10 SYSTEMPATH/Boot.php(68): CodeIgniter\Boot::runCodeIgniter()
11 FCPATH/index.php(59): CodeIgniter\Boot::bootWeb()
12 SYSTEMPATH/rewrite.php(44): require_once('/home/ideapad/S4/SI/Operateurs/public/index.php')
CRITICAL - 2026-07-21 08:09:42 --> ErrorException: Undefined array key "pourcentage"
[Method: GET, Route: epargne]
in APPPATH/Views/clients/epargne.php on line 57.
 1 APPPATH/Views/clients/epargne.php(57): CodeIgniter\Debug\Exceptions->errorHandler()
 2 SYSTEMPATH/View/View.php(240): include('/home/ideapad/S4/SI/Operateurs/app/Views/clients/epargne.php')
 3 SYSTEMPATH/View/View.php(243): CodeIgniter\View\View->CodeIgniter\View\{closure}()
 4 SYSTEMPATH/Common.php(1250): CodeIgniter\View\View->render()
 5 APPPATH/Controllers/Utilisateur.php(92): view()
 6 SYSTEMPATH/CodeIgniter.php(951): App\Controllers\Utilisateur->epargne()
 7 SYSTEMPATH/CodeIgniter.php(497): CodeIgniter\CodeIgniter->runController()
 8 SYSTEMPATH/CodeIgniter.php(340): CodeIgniter\CodeIgniter->handleRequest()
 9 SYSTEMPATH/Boot.php(417): CodeIgniter\CodeIgniter->run()
10 SYSTEMPATH/Boot.php(68): CodeIgniter\Boot::runCodeIgniter()
11 FCPATH/index.php(59): CodeIgniter\Boot::bootWeb()
12 SYSTEMPATH/rewrite.php(44): require_once('/home/ideapad/S4/SI/Operateurs/public/index.php')
CRITICAL - 2026-07-21 08:10:48 --> ErrorException: Undefined array key "pourcentage"
[Method: GET, Route: epargne]
in APPPATH/Views/clients/epargne.php on line 57.
 1 APPPATH/Views/clients/epargne.php(57): CodeIgniter\Debug\Exceptions->errorHandler()
 2 SYSTEMPATH/View/View.php(240): include('/home/ideapad/S4/SI/Operateurs/app/Views/clients/epargne.php')
 3 SYSTEMPATH/View/View.php(243): CodeIgniter\View\View->CodeIgniter\View\{closure}()
 4 SYSTEMPATH/Common.php(1250): CodeIgniter\View\View->render()
 5 APPPATH/Controllers/Utilisateur.php(92): view()
 6 SYSTEMPATH/CodeIgniter.php(951): App\Controllers\Utilisateur->epargne()
 7 SYSTEMPATH/CodeIgniter.php(497): CodeIgniter\CodeIgniter->runController()
 8 SYSTEMPATH/CodeIgniter.php(340): CodeIgniter\CodeIgniter->handleRequest()
 9 SYSTEMPATH/Boot.php(417): CodeIgniter\CodeIgniter->run()
10 SYSTEMPATH/Boot.php(68): CodeIgniter\Boot::runCodeIgniter()
11 FCPATH/index.php(59): CodeIgniter\Boot::bootWeb()
12 SYSTEMPATH/rewrite.php(44): require_once('/home/ideapad/S4/SI/Operateurs/public/index.php')
CRITICAL - 2026-07-21 08:10:50 --> ErrorException: Undefined array key "pourcentage"
[Method: GET, Route: epargne]
in APPPATH/Views/clients/epargne.php on line 57.
 1 APPPATH/Views/clients/epargne.php(57): CodeIgniter\Debug\Exceptions->errorHandler()
 2 SYSTEMPATH/View/View.php(240): include('/home/ideapad/S4/SI/Operateurs/app/Views/clients/epargne.php')
 3 SYSTEMPATH/View/View.php(243): CodeIgniter\View\View->CodeIgniter\View\{closure}()
 4 SYSTEMPATH/Common.php(1250): CodeIgniter\View\View->render()
 5 APPPATH/Controllers/Utilisateur.php(92): view()
 6 SYSTEMPATH/CodeIgniter.php(951): App\Controllers\Utilisateur->epargne()
 7 SYSTEMPATH/CodeIgniter.php(497): CodeIgniter\CodeIgniter->runController()
 8 SYSTEMPATH/CodeIgniter.php(340): CodeIgniter\CodeIgniter->handleRequest()
 9 SYSTEMPATH/Boot.php(417): CodeIgniter\CodeIgniter->run()
10 SYSTEMPATH/Boot.php(68): CodeIgniter\Boot::runCodeIgniter()
11 FCPATH/index.php(59): CodeIgniter\Boot::bootWeb()
12 SYSTEMPATH/rewrite.php(44): require_once('/home/ideapad/S4/SI/Operateurs/public/index.php')
CRITICAL - 2026-07-21 08:11:42 --> Error: Cannot use object of type stdClass as array
[Method: GET, Route: epargne]
in APPPATH/Views/clients/epargne.php on line 15.
 1 SYSTEMPATH/View/View.php(240): include()
 2 SYSTEMPATH/View/View.php(243): CodeIgniter\View\View->CodeIgniter\View\{closure}()
 3 SYSTEMPATH/Common.php(1250): CodeIgniter\View\View->render()
 4 APPPATH/Controllers/Utilisateur.php(92): view()
 5 SYSTEMPATH/CodeIgniter.php(951): App\Controllers\Utilisateur->epargne()
 6 SYSTEMPATH/CodeIgniter.php(497): CodeIgniter\CodeIgniter->runController()
 7 SYSTEMPATH/CodeIgniter.php(340): CodeIgniter\CodeIgniter->handleRequest()
 8 SYSTEMPATH/Boot.php(417): CodeIgniter\CodeIgniter->run()
 9 SYSTEMPATH/Boot.php(68): CodeIgniter\Boot::runCodeIgniter()
10 FCPATH/index.php(59): CodeIgniter\Boot::bootWeb()
11 SYSTEMPATH/rewrite.php(44): require_once('/home/ideapad/S4/SI/Operateurs/public/index.php')
CRITICAL - 2026-07-21 08:11:42 --> Error: Cannot use object of type stdClass as array
[Method: GET, Route: epargne]
in APPPATH/Views/clients/epargne.php on line 15.
 1 SYSTEMPATH/View/View.php(240): include()
 2 SYSTEMPATH/View/View.php(243): CodeIgniter\View\View->CodeIgniter\View\{closure}()
 3 SYSTEMPATH/Common.php(1250): CodeIgniter\View\View->render()
 4 APPPATH/Controllers/Utilisateur.php(92): view()
 5 SYSTEMPATH/CodeIgniter.php(951): App\Controllers\Utilisateur->epargne()
 6 SYSTEMPATH/CodeIgniter.php(497): CodeIgniter\CodeIgniter->runController()
 7 SYSTEMPATH/CodeIgniter.php(340): CodeIgniter\CodeIgniter->handleRequest()
 8 SYSTEMPATH/Boot.php(417): CodeIgniter\CodeIgniter->run()
 9 SYSTEMPATH/Boot.php(68): CodeIgniter\Boot::runCodeIgniter()
10 FCPATH/index.php(59): CodeIgniter\Boot::bootWeb()
11 SYSTEMPATH/rewrite.php(44): require_once('/home/ideapad/S4/SI/Operateurs/public/index.php')
CRITICAL - 2026-07-21 08:11:45 --> Error: Cannot use object of type stdClass as array
[Method: GET, Route: epargne]
in APPPATH/Views/clients/epargne.php on line 15.
 1 SYSTEMPATH/View/View.php(240): include()
 2 SYSTEMPATH/View/View.php(243): CodeIgniter\View\View->CodeIgniter\View\{closure}()
 3 SYSTEMPATH/Common.php(1250): CodeIgniter\View\View->render()
 4 APPPATH/Controllers/Utilisateur.php(92): view()
 5 SYSTEMPATH/CodeIgniter.php(951): App\Controllers\Utilisateur->epargne()
 6 SYSTEMPATH/CodeIgniter.php(497): CodeIgniter\CodeIgniter->runController()
 7 SYSTEMPATH/CodeIgniter.php(340): CodeIgniter\CodeIgniter->handleRequest()
 8 SYSTEMPATH/Boot.php(417): CodeIgniter\CodeIgniter->run()
 9 SYSTEMPATH/Boot.php(68): CodeIgniter\Boot::runCodeIgniter()
10 FCPATH/index.php(59): CodeIgniter\Boot::bootWeb()
11 SYSTEMPATH/rewrite.php(44): require_once('/home/ideapad/S4/SI/Operateurs/public/index.php')
CRITICAL - 2026-07-21 08:16:55 --> ErrorException: Undefined array key "pourcentage"
[Method: GET, Route: epargne]
in APPPATH/Views/clients/epargne.php on line 57.
 1 APPPATH/Views/clients/epargne.php(57): CodeIgniter\Debug\Exceptions->errorHandler()
 2 SYSTEMPATH/View/View.php(240): include('/home/ideapad/S4/SI/Operateurs/app/Views/clients/epargne.php')
 3 SYSTEMPATH/View/View.php(243): CodeIgniter\View\View->CodeIgniter\View\{closure}()
 4 SYSTEMPATH/Common.php(1250): CodeIgniter\View\View->render()
 5 APPPATH/Controllers/Utilisateur.php(92): view()
 6 SYSTEMPATH/CodeIgniter.php(951): App\Controllers\Utilisateur->epargne()
 7 SYSTEMPATH/CodeIgniter.php(497): CodeIgniter\CodeIgniter->runController()
 8 SYSTEMPATH/CodeIgniter.php(340): CodeIgniter\CodeIgniter->handleRequest()
 9 SYSTEMPATH/Boot.php(417): CodeIgniter\CodeIgniter->run()
10 SYSTEMPATH/Boot.php(68): CodeIgniter\Boot::runCodeIgniter()
11 FCPATH/index.php(59): CodeIgniter\Boot::bootWeb()
12 SYSTEMPATH/rewrite.php(44): require_once('/home/ideapad/S4/SI/Operateurs/public/index.php')
CRITICAL - 2026-07-21 08:18:44 --> CodeIgniter\Exceptions\InvalidArgumentException: Invalid primary key at index 0: nested arrays are not allowed.
[Method: POST, Route: voirEpargne]
in SYSTEMPATH/BaseModel.php on line 812.
 1 SYSTEMPATH/BaseModel.php(1040): CodeIgniter\BaseModel->validateID()
 2 SYSTEMPATH/Model.php(709): CodeIgniter\BaseModel->update()
 3 APPPATH/Controllers/Utilisateur.php(113): CodeIgniter\Model->update()
 4 SYSTEMPATH/CodeIgniter.php(951): App\Controllers\Utilisateur->modifierEpargne()
 5 SYSTEMPATH/CodeIgniter.php(497): CodeIgniter\CodeIgniter->runController()
 6 SYSTEMPATH/CodeIgniter.php(340): CodeIgniter\CodeIgniter->handleRequest()
 7 SYSTEMPATH/Boot.php(417): CodeIgniter\CodeIgniter->run()
 8 SYSTEMPATH/Boot.php(68): CodeIgniter\Boot::runCodeIgniter()
 9 FCPATH/index.php(59): CodeIgniter\Boot::bootWeb()
10 SYSTEMPATH/rewrite.php(44): require_once('/home/ideapad/S4/SI/Operateurs/public/index.php')
CRITICAL - 2026-07-21 08:20:23 --> ErrorException: Undefined array key "idEpargne"
[Method: POST, Route: voirEpargne]
in APPPATH/Controllers/Utilisateur.php on line 107.
 1 APPPATH/Controllers/Utilisateur.php(107): CodeIgniter\Debug\Exceptions->errorHandler()
 2 SYSTEMPATH/CodeIgniter.php(951): App\Controllers\Utilisateur->modifierEpargne()
 3 SYSTEMPATH/CodeIgniter.php(497): CodeIgniter\CodeIgniter->runController()
 4 SYSTEMPATH/CodeIgniter.php(340): CodeIgniter\CodeIgniter->handleRequest()
 5 SYSTEMPATH/Boot.php(417): CodeIgniter\CodeIgniter->run()
 6 SYSTEMPATH/Boot.php(68): CodeIgniter\Boot::runCodeIgniter()
 7 FCPATH/index.php(59): CodeIgniter\Boot::bootWeb()
 8 SYSTEMPATH/rewrite.php(44): require_once('/home/ideapad/S4/SI/Operateurs/public/index.php')
CRITICAL - 2026-07-21 08:20:27 --> ErrorException: Undefined array key "idEpargne"
[Method: POST, Route: voirEpargne]
in APPPATH/Controllers/Utilisateur.php on line 107.
 1 APPPATH/Controllers/Utilisateur.php(107): CodeIgniter\Debug\Exceptions->errorHandler()
 2 SYSTEMPATH/CodeIgniter.php(951): App\Controllers\Utilisateur->modifierEpargne()
 3 SYSTEMPATH/CodeIgniter.php(497): CodeIgniter\CodeIgniter->runController()
 4 SYSTEMPATH/CodeIgniter.php(340): CodeIgniter\CodeIgniter->handleRequest()
 5 SYSTEMPATH/Boot.php(417): CodeIgniter\CodeIgniter->run()
 6 SYSTEMPATH/Boot.php(68): CodeIgniter\Boot::runCodeIgniter()
 7 FCPATH/index.php(59): CodeIgniter\Boot::bootWeb()
 8 SYSTEMPATH/rewrite.php(44): require_once('/home/ideapad/S4/SI/Operateurs/public/index.php')
CRITICAL - 2026-07-21 08:20:57 --> ErrorException: Undefined array key "idEpargne"
[Method: POST, Route: voirEpargne]
in APPPATH/Controllers/Utilisateur.php on line 107.
 1 APPPATH/Controllers/Utilisateur.php(107): CodeIgniter\Debug\Exceptions->errorHandler()
 2 SYSTEMPATH/CodeIgniter.php(951): App\Controllers\Utilisateur->modifierEpargne()
 3 SYSTEMPATH/CodeIgniter.php(497): CodeIgniter\CodeIgniter->runController()
 4 SYSTEMPATH/CodeIgniter.php(340): CodeIgniter\CodeIgniter->handleRequest()
 5 SYSTEMPATH/Boot.php(417): CodeIgniter\CodeIgniter->run()
 6 SYSTEMPATH/Boot.php(68): CodeIgniter\Boot::runCodeIgniter()
 7 FCPATH/index.php(59): CodeIgniter\Boot::bootWeb()
 8 SYSTEMPATH/rewrite.php(44): require_once('/home/ideapad/S4/SI/Operateurs/public/index.php')
CRITICAL - 2026-07-21 08:21:17 --> ErrorException: Undefined array key "idEpargne"
[Method: POST, Route: voirEpargne]
in APPPATH/Controllers/Utilisateur.php on line 107.
 1 APPPATH/Controllers/Utilisateur.php(107): CodeIgniter\Debug\Exceptions->errorHandler()
 2 SYSTEMPATH/CodeIgniter.php(951): App\Controllers\Utilisateur->modifierEpargne()
 3 SYSTEMPATH/CodeIgniter.php(497): CodeIgniter\CodeIgniter->runController()
 4 SYSTEMPATH/CodeIgniter.php(340): CodeIgniter\CodeIgniter->handleRequest()
 5 SYSTEMPATH/Boot.php(417): CodeIgniter\CodeIgniter->run()
 6 SYSTEMPATH/Boot.php(68): CodeIgniter\Boot::runCodeIgniter()
 7 FCPATH/index.php(59): CodeIgniter\Boot::bootWeb()
 8 SYSTEMPATH/rewrite.php(44): require_once('/home/ideapad/S4/SI/Operateurs/public/index.php')
CRITICAL - 2026-07-21 08:22:17 --> CodeIgniter\Exceptions\InvalidArgumentException: Invalid primary key: 0 is not allowed.
[Method: POST, Route: voirEpargne]
in SYSTEMPATH/BaseModel.php on line 833.
 1 SYSTEMPATH/BaseModel.php(818): CodeIgniter\BaseModel->validateID()
 2 SYSTEMPATH/BaseModel.php(1040): CodeIgniter\BaseModel->validateID()
 3 SYSTEMPATH/Model.php(709): CodeIgniter\BaseModel->update()
 4 APPPATH/Controllers/Utilisateur.php(118): CodeIgniter\Model->update()
 5 SYSTEMPATH/CodeIgniter.php(951): App\Controllers\Utilisateur->modifierEpargne()
 6 SYSTEMPATH/CodeIgniter.php(497): CodeIgniter\CodeIgniter->runController()
 7 SYSTEMPATH/CodeIgniter.php(340): CodeIgniter\CodeIgniter->handleRequest()
 8 SYSTEMPATH/Boot.php(417): CodeIgniter\CodeIgniter->run()
 9 SYSTEMPATH/Boot.php(68): CodeIgniter\Boot::runCodeIgniter()
10 FCPATH/index.php(59): CodeIgniter\Boot::bootWeb()
11 SYSTEMPATH/rewrite.php(44): require_once('/home/ideapad/S4/SI/Operateurs/public/index.php')
CRITICAL - 2026-07-21 08:22:22 --> CodeIgniter\Exceptions\InvalidArgumentException: Invalid primary key: 0 is not allowed.
[Method: POST, Route: voirEpargne]
in SYSTEMPATH/BaseModel.php on line 833.
 1 SYSTEMPATH/BaseModel.php(818): CodeIgniter\BaseModel->validateID()
 2 SYSTEMPATH/BaseModel.php(1040): CodeIgniter\BaseModel->validateID()
 3 SYSTEMPATH/Model.php(709): CodeIgniter\BaseModel->update()
 4 APPPATH/Controllers/Utilisateur.php(118): CodeIgniter\Model->update()
 5 SYSTEMPATH/CodeIgniter.php(951): App\Controllers\Utilisateur->modifierEpargne()
 6 SYSTEMPATH/CodeIgniter.php(497): CodeIgniter\CodeIgniter->runController()
 7 SYSTEMPATH/CodeIgniter.php(340): CodeIgniter\CodeIgniter->handleRequest()
 8 SYSTEMPATH/Boot.php(417): CodeIgniter\CodeIgniter->run()
 9 SYSTEMPATH/Boot.php(68): CodeIgniter\Boot::runCodeIgniter()
10 FCPATH/index.php(59): CodeIgniter\Boot::bootWeb()
11 SYSTEMPATH/rewrite.php(44): require_once('/home/ideapad/S4/SI/Operateurs/public/index.php')
ERROR - 2026-07-21 08:25:59 --> Unable to prepare statement: near ".": syntax error
in SYSTEMPATH/Database/SQLite3/Connection.php on line 164.
 1 SYSTEMPATH/Database/SQLite3/Connection.php(164): SQLite3->query()
 2 SYSTEMPATH/Database/BaseConnection.php(910): CodeIgniter\Database\SQLite3\Connection->execute()
 3 SYSTEMPATH/Database/BaseConnection.php(827): CodeIgniter\Database\BaseConnection->simpleQuery()
 4 SYSTEMPATH/Database/BaseBuilder.php(1649): CodeIgniter\Database\BaseConnection->query()
 5 APPPATH/Models/OperationModel.php(116): CodeIgniter\Database\BaseBuilder->get()
 6 APPPATH/Controllers/Utilisateur.php(65): App\Models\OperationModel->getHistoriqueByUtilisateur()
 7 SYSTEMPATH/CodeIgniter.php(951): App\Controllers\Utilisateur->historique()
 8 SYSTEMPATH/CodeIgniter.php(497): CodeIgniter\CodeIgniter->runController()
 9 SYSTEMPATH/CodeIgniter.php(340): CodeIgniter\CodeIgniter->handleRequest()
10 SYSTEMPATH/Boot.php(417): CodeIgniter\CodeIgniter->run()
11 SYSTEMPATH/Boot.php(68): CodeIgniter\Boot::runCodeIgniter()
12 FCPATH/index.php(59): CodeIgniter\Boot::bootWeb()
13 SYSTEMPATH/rewrite.php(44): require_once('/home/ideapad/S4/SI/Operateurs/public/index.php')
CRITICAL - 2026-07-21 08:25:59 --> CodeIgniter\Database\Exceptions\DatabaseException: Unable to prepare statement: near ".": syntax error
[Method: GET, Route: historique]
in SYSTEMPATH/Database/BaseConnection.php on line 865.
 1 SYSTEMPATH/Database/BaseBuilder.php(1649): CodeIgniter\Database\BaseConnection->query()
 2 APPPATH/Models/OperationModel.php(116): CodeIgniter\Database\BaseBuilder->get()
 3 APPPATH/Controllers/Utilisateur.php(65): App\Models\OperationModel->getHistoriqueByUtilisateur()
 4 SYSTEMPATH/CodeIgniter.php(951): App\Controllers\Utilisateur->historique()
 5 SYSTEMPATH/CodeIgniter.php(497): CodeIgniter\CodeIgniter->runController()
 6 SYSTEMPATH/CodeIgniter.php(340): CodeIgniter\CodeIgniter->handleRequest()
 7 SYSTEMPATH/Boot.php(417): CodeIgniter\CodeIgniter->run()
 8 SYSTEMPATH/Boot.php(68): CodeIgniter\Boot::runCodeIgniter()
 9 FCPATH/index.php(59): CodeIgniter\Boot::bootWeb()
10 SYSTEMPATH/rewrite.php(44): require_once('/home/ideapad/S4/SI/Operateurs/public/index.php')
CRITICAL - 2026-07-21 08:25:59 --> [Caused by] CodeIgniter\Database\Exceptions\DatabaseException: Unable to prepare statement: near ".": syntax error
in SYSTEMPATH/Database/SQLite3/Connection.php on line 174.
 1 SYSTEMPATH/Database/BaseConnection.php(910): CodeIgniter\Database\SQLite3\Connection->execute()
 2 SYSTEMPATH/Database/BaseConnection.php(827): CodeIgniter\Database\BaseConnection->simpleQuery()
 3 SYSTEMPATH/Database/BaseBuilder.php(1649): CodeIgniter\Database\BaseConnection->query()
 4 APPPATH/Models/OperationModel.php(116): CodeIgniter\Database\BaseBuilder->get()
 5 APPPATH/Controllers/Utilisateur.php(65): App\Models\OperationModel->getHistoriqueByUtilisateur()
 6 SYSTEMPATH/CodeIgniter.php(951): App\Controllers\Utilisateur->historique()
 7 SYSTEMPATH/CodeIgniter.php(497): CodeIgniter\CodeIgniter->runController()
 8 SYSTEMPATH/CodeIgniter.php(340): CodeIgniter\CodeIgniter->handleRequest()
 9 SYSTEMPATH/Boot.php(417): CodeIgniter\CodeIgniter->run()
10 SYSTEMPATH/Boot.php(68): CodeIgniter\Boot::runCodeIgniter()
11 FCPATH/index.php(59): CodeIgniter\Boot::bootWeb()
12 SYSTEMPATH/rewrite.php(44): require_once('/home/ideapad/S4/SI/Operateurs/public/index.php')
CRITICAL - 2026-07-21 08:25:59 --> [Caused by] SQLite3Exception: Unable to prepare statement: near ".": syntax error
in SYSTEMPATH/Database/SQLite3/Connection.php on line 164.
 1 SYSTEMPATH/Database/SQLite3/Connection.php(164): SQLite3->query()
 2 SYSTEMPATH/Database/BaseConnection.php(910): CodeIgniter\Database\SQLite3\Connection->execute()
 3 SYSTEMPATH/Database/BaseConnection.php(827): CodeIgniter\Database\BaseConnection->simpleQuery()
 4 SYSTEMPATH/Database/BaseBuilder.php(1649): CodeIgniter\Database\BaseConnection->query()
 5 APPPATH/Models/OperationModel.php(116): CodeIgniter\Database\BaseBuilder->get()
 6 APPPATH/Controllers/Utilisateur.php(65): App\Models\OperationModel->getHistoriqueByUtilisateur()
 7 SYSTEMPATH/CodeIgniter.php(951): App\Controllers\Utilisateur->historique()
 8 SYSTEMPATH/CodeIgniter.php(497): CodeIgniter\CodeIgniter->runController()
 9 SYSTEMPATH/CodeIgniter.php(340): CodeIgniter\CodeIgniter->handleRequest()
10 SYSTEMPATH/Boot.php(417): CodeIgniter\CodeIgniter->run()
11 SYSTEMPATH/Boot.php(68): CodeIgniter\Boot::runCodeIgniter()
12 FCPATH/index.php(59): CodeIgniter\Boot::bootWeb()
13 SYSTEMPATH/rewrite.php(44): require_once('/home/ideapad/S4/SI/Operateurs/public/index.php')
