ERROR - 2026-04-29 06:50:54 --> Error connecting to the database: mysqli_sql_exception: No such file or directory in /home/ideapad/S4/SI/EtudiantMatiere/system/Database/MySQLi/Connection.php:201
Stack trace:
#0 /home/ideapad/S4/SI/EtudiantMatiere/system/Database/MySQLi/Connection.php(201): mysqli->real_connect()
#1 /home/ideapad/S4/SI/EtudiantMatiere/system/Database/BaseConnection.php(555): CodeIgniter\Database\MySQLi\Connection->connect()
#2 /home/ideapad/S4/SI/EtudiantMatiere/system/Database/BaseConnection.php(795): CodeIgniter\Database\BaseConnection->initialize()
#3 /home/ideapad/S4/SI/EtudiantMatiere/system/Database/BaseBuilder.php(1649): CodeIgniter\Database\BaseConnection->query()
#4 /home/ideapad/S4/SI/EtudiantMatiere/system/Model.php(253): CodeIgniter\Database\BaseBuilder->get()
#5 /home/ideapad/S4/SI/EtudiantMatiere/system/BaseModel.php(676): CodeIgniter\Model->doFindAll()
#6 /home/ideapad/S4/SI/EtudiantMatiere/app/Controllers/EtudiantController.php(10): CodeIgniter\BaseModel->findAll()
#7 /home/ideapad/S4/SI/EtudiantMatiere/system/CodeIgniter.php(951): App\Controllers\EtudiantController->getEtudiants()
#8 /home/ideapad/S4/SI/EtudiantMatiere/system/CodeIgniter.php(497): CodeIgniter\CodeIgniter->runController()
#9 /home/ideapad/S4/SI/EtudiantMatiere/system/CodeIgniter.php(340): CodeIgniter\CodeIgniter->handleRequest()
#10 /home/ideapad/S4/SI/EtudiantMatiere/system/Boot.php(417): CodeIgniter\CodeIgniter->run()
#11 /home/ideapad/S4/SI/EtudiantMatiere/system/Boot.php(68): CodeIgniter\Boot::runCodeIgniter()
#12 /home/ideapad/S4/SI/EtudiantMatiere/public/index.php(59): CodeIgniter\Boot::bootWeb()
#13 {main}

Next CodeIgniter\Database\Exceptions\DatabaseException: No such file or directory in /home/ideapad/S4/SI/EtudiantMatiere/system/Database/MySQLi/Connection.php:231
Stack trace:
#0 /home/ideapad/S4/SI/EtudiantMatiere/system/Database/BaseConnection.php(555): CodeIgniter\Database\MySQLi\Connection->connect()
#1 /home/ideapad/S4/SI/EtudiantMatiere/system/Database/BaseConnection.php(795): CodeIgniter\Database\BaseConnection->initialize()
#2 /home/ideapad/S4/SI/EtudiantMatiere/system/Database/BaseBuilder.php(1649): CodeIgniter\Database\BaseConnection->query()
#3 /home/ideapad/S4/SI/EtudiantMatiere/system/Model.php(253): CodeIgniter\Database\BaseBuilder->get()
#4 /home/ideapad/S4/SI/EtudiantMatiere/system/BaseModel.php(676): CodeIgniter\Model->doFindAll()
#5 /home/ideapad/S4/SI/EtudiantMatiere/app/Controllers/EtudiantController.php(10): CodeIgniter\BaseModel->findAll()
#6 /home/ideapad/S4/SI/EtudiantMatiere/system/CodeIgniter.php(951): App\Controllers\EtudiantController->getEtudiants()
#7 /home/ideapad/S4/SI/EtudiantMatiere/system/CodeIgniter.php(497): CodeIgniter\CodeIgniter->runController()
#8 /home/ideapad/S4/SI/EtudiantMatiere/system/CodeIgniter.php(340): CodeIgniter\CodeIgniter->handleRequest()
#9 /home/ideapad/S4/SI/EtudiantMatiere/system/Boot.php(417): CodeIgniter\CodeIgniter->run()
#10 /home/ideapad/S4/SI/EtudiantMatiere/system/Boot.php(68): CodeIgniter\Boot::runCodeIgniter()
#11 /home/ideapad/S4/SI/EtudiantMatiere/public/index.php(59): CodeIgniter\Boot::bootWeb()
#12 {main}
CRITICAL - 2026-04-29 06:50:54 --> CodeIgniter\Database\Exceptions\DatabaseException: Unable to connect to the database.
Main connection [MySQLi]: No such file or directory
[Method: GET, Route: etudiants]
in SYSTEMPATH/Database/BaseConnection.php on line 606.
 1 SYSTEMPATH/Database/BaseConnection.php(795): CodeIgniter\Database\BaseConnection->initialize()
 2 SYSTEMPATH/Database/BaseBuilder.php(1649): CodeIgniter\Database\BaseConnection->query()
 3 SYSTEMPATH/Model.php(253): CodeIgniter\Database\BaseBuilder->get()
 4 SYSTEMPATH/BaseModel.php(676): CodeIgniter\Model->doFindAll()
 5 APPPATH/Controllers/EtudiantController.php(10): CodeIgniter\BaseModel->findAll()
 6 SYSTEMPATH/CodeIgniter.php(951): App\Controllers\EtudiantController->getEtudiants()
 7 SYSTEMPATH/CodeIgniter.php(497): CodeIgniter\CodeIgniter->runController()
 8 SYSTEMPATH/CodeIgniter.php(340): CodeIgniter\CodeIgniter->handleRequest()
 9 SYSTEMPATH/Boot.php(417): CodeIgniter\CodeIgniter->run()
10 SYSTEMPATH/Boot.php(68): CodeIgniter\Boot::runCodeIgniter()
11 FCPATH/index.php(59): CodeIgniter\Boot::bootWeb()
ERROR - 2026-04-29 06:55:29 --> Error connecting to the database: mysqli_sql_exception: No such file or directory in /home/ideapad/S4/SI/EtudiantMatiere/system/Database/MySQLi/Connection.php:201
Stack trace:
#0 /home/ideapad/S4/SI/EtudiantMatiere/system/Database/MySQLi/Connection.php(201): mysqli->real_connect()
#1 /home/ideapad/S4/SI/EtudiantMatiere/system/Database/BaseConnection.php(555): CodeIgniter\Database\MySQLi\Connection->connect()
#2 /home/ideapad/S4/SI/EtudiantMatiere/system/Database/BaseConnection.php(795): CodeIgniter\Database\BaseConnection->initialize()
#3 /home/ideapad/S4/SI/EtudiantMatiere/system/Database/BaseBuilder.php(1649): CodeIgniter\Database\BaseConnection->query()
#4 /home/ideapad/S4/SI/EtudiantMatiere/system/Model.php(253): CodeIgniter\Database\BaseBuilder->get()
#5 /home/ideapad/S4/SI/EtudiantMatiere/system/BaseModel.php(676): CodeIgniter\Model->doFindAll()
#6 /home/ideapad/S4/SI/EtudiantMatiere/app/Controllers/EtudiantController.php(10): CodeIgniter\BaseModel->findAll()
#7 /home/ideapad/S4/SI/EtudiantMatiere/system/CodeIgniter.php(951): App\Controllers\EtudiantController->getEtudiants()
#8 /home/ideapad/S4/SI/EtudiantMatiere/system/CodeIgniter.php(497): CodeIgniter\CodeIgniter->runController()
#9 /home/ideapad/S4/SI/EtudiantMatiere/system/CodeIgniter.php(340): CodeIgniter\CodeIgniter->handleRequest()
#10 /home/ideapad/S4/SI/EtudiantMatiere/system/Boot.php(417): CodeIgniter\CodeIgniter->run()
#11 /home/ideapad/S4/SI/EtudiantMatiere/system/Boot.php(68): CodeIgniter\Boot::runCodeIgniter()
#12 /home/ideapad/S4/SI/EtudiantMatiere/public/index.php(59): CodeIgniter\Boot::bootWeb()
#13 {main}

Next CodeIgniter\Database\Exceptions\DatabaseException: No such file or directory in /home/ideapad/S4/SI/EtudiantMatiere/system/Database/MySQLi/Connection.php:231
Stack trace:
#0 /home/ideapad/S4/SI/EtudiantMatiere/system/Database/BaseConnection.php(555): CodeIgniter\Database\MySQLi\Connection->connect()
#1 /home/ideapad/S4/SI/EtudiantMatiere/system/Database/BaseConnection.php(795): CodeIgniter\Database\BaseConnection->initialize()
#2 /home/ideapad/S4/SI/EtudiantMatiere/system/Database/BaseBuilder.php(1649): CodeIgniter\Database\BaseConnection->query()
#3 /home/ideapad/S4/SI/EtudiantMatiere/system/Model.php(253): CodeIgniter\Database\BaseBuilder->get()
#4 /home/ideapad/S4/SI/EtudiantMatiere/system/BaseModel.php(676): CodeIgniter\Model->doFindAll()
#5 /home/ideapad/S4/SI/EtudiantMatiere/app/Controllers/EtudiantController.php(10): CodeIgniter\BaseModel->findAll()
#6 /home/ideapad/S4/SI/EtudiantMatiere/system/CodeIgniter.php(951): App\Controllers\EtudiantController->getEtudiants()
#7 /home/ideapad/S4/SI/EtudiantMatiere/system/CodeIgniter.php(497): CodeIgniter\CodeIgniter->runController()
#8 /home/ideapad/S4/SI/EtudiantMatiere/system/CodeIgniter.php(340): CodeIgniter\CodeIgniter->handleRequest()
#9 /home/ideapad/S4/SI/EtudiantMatiere/system/Boot.php(417): CodeIgniter\CodeIgniter->run()
#10 /home/ideapad/S4/SI/EtudiantMatiere/system/Boot.php(68): CodeIgniter\Boot::runCodeIgniter()
#11 /home/ideapad/S4/SI/EtudiantMatiere/public/index.php(59): CodeIgniter\Boot::bootWeb()
#12 {main}
CRITICAL - 2026-04-29 06:55:29 --> CodeIgniter\Database\Exceptions\DatabaseException: Unable to connect to the database.
Main connection [MySQLi]: No such file or directory
[Method: GET, Route: list]
in SYSTEMPATH/Database/BaseConnection.php on line 606.
 1 SYSTEMPATH/Database/BaseConnection.php(795): CodeIgniter\Database\BaseConnection->initialize()
 2 SYSTEMPATH/Database/BaseBuilder.php(1649): CodeIgniter\Database\BaseConnection->query()
 3 SYSTEMPATH/Model.php(253): CodeIgniter\Database\BaseBuilder->get()
 4 SYSTEMPATH/BaseModel.php(676): CodeIgniter\Model->doFindAll()
 5 APPPATH/Controllers/EtudiantController.php(10): CodeIgniter\BaseModel->findAll()
 6 SYSTEMPATH/CodeIgniter.php(951): App\Controllers\EtudiantController->getEtudiants()
 7 SYSTEMPATH/CodeIgniter.php(497): CodeIgniter\CodeIgniter->runController()
 8 SYSTEMPATH/CodeIgniter.php(340): CodeIgniter\CodeIgniter->handleRequest()
 9 SYSTEMPATH/Boot.php(417): CodeIgniter\CodeIgniter->run()
10 SYSTEMPATH/Boot.php(68): CodeIgniter\Boot::runCodeIgniter()
11 FCPATH/index.php(59): CodeIgniter\Boot::bootWeb()
ERROR - 2026-04-29 06:55:30 --> Error connecting to the database: mysqli_sql_exception: No such file or directory in /home/ideapad/S4/SI/EtudiantMatiere/system/Database/MySQLi/Connection.php:201
Stack trace:
#0 /home/ideapad/S4/SI/EtudiantMatiere/system/Database/MySQLi/Connection.php(201): mysqli->real_connect()
#1 /home/ideapad/S4/SI/EtudiantMatiere/system/Database/BaseConnection.php(555): CodeIgniter\Database\MySQLi\Connection->connect()
#2 /home/ideapad/S4/SI/EtudiantMatiere/system/Database/BaseConnection.php(795): CodeIgniter\Database\BaseConnection->initialize()
#3 /home/ideapad/S4/SI/EtudiantMatiere/system/Database/BaseBuilder.php(1649): CodeIgniter\Database\BaseConnection->query()
#4 /home/ideapad/S4/SI/EtudiantMatiere/system/Model.php(253): CodeIgniter\Database\BaseBuilder->get()
#5 /home/ideapad/S4/SI/EtudiantMatiere/system/BaseModel.php(676): CodeIgniter\Model->doFindAll()
#6 /home/ideapad/S4/SI/EtudiantMatiere/app/Controllers/EtudiantController.php(10): CodeIgniter\BaseModel->findAll()
#7 /home/ideapad/S4/SI/EtudiantMatiere/system/CodeIgniter.php(951): App\Controllers\EtudiantController->getEtudiants()
#8 /home/ideapad/S4/SI/EtudiantMatiere/system/CodeIgniter.php(497): CodeIgniter\CodeIgniter->runController()
#9 /home/ideapad/S4/SI/EtudiantMatiere/system/CodeIgniter.php(340): CodeIgniter\CodeIgniter->handleRequest()
#10 /home/ideapad/S4/SI/EtudiantMatiere/system/Boot.php(417): CodeIgniter\CodeIgniter->run()
#11 /home/ideapad/S4/SI/EtudiantMatiere/system/Boot.php(68): CodeIgniter\Boot::runCodeIgniter()
#12 /home/ideapad/S4/SI/EtudiantMatiere/public/index.php(59): CodeIgniter\Boot::bootWeb()
#13 {main}

Next CodeIgniter\Database\Exceptions\DatabaseException: No such file or directory in /home/ideapad/S4/SI/EtudiantMatiere/system/Database/MySQLi/Connection.php:231
Stack trace:
#0 /home/ideapad/S4/SI/EtudiantMatiere/system/Database/BaseConnection.php(555): CodeIgniter\Database\MySQLi\Connection->connect()
#1 /home/ideapad/S4/SI/EtudiantMatiere/system/Database/BaseConnection.php(795): CodeIgniter\Database\BaseConnection->initialize()
#2 /home/ideapad/S4/SI/EtudiantMatiere/system/Database/BaseBuilder.php(1649): CodeIgniter\Database\BaseConnection->query()
#3 /home/ideapad/S4/SI/EtudiantMatiere/system/Model.php(253): CodeIgniter\Database\BaseBuilder->get()
#4 /home/ideapad/S4/SI/EtudiantMatiere/system/BaseModel.php(676): CodeIgniter\Model->doFindAll()
#5 /home/ideapad/S4/SI/EtudiantMatiere/app/Controllers/EtudiantController.php(10): CodeIgniter\BaseModel->findAll()
#6 /home/ideapad/S4/SI/EtudiantMatiere/system/CodeIgniter.php(951): App\Controllers\EtudiantController->getEtudiants()
#7 /home/ideapad/S4/SI/EtudiantMatiere/system/CodeIgniter.php(497): CodeIgniter\CodeIgniter->runController()
#8 /home/ideapad/S4/SI/EtudiantMatiere/system/CodeIgniter.php(340): CodeIgniter\CodeIgniter->handleRequest()
#9 /home/ideapad/S4/SI/EtudiantMatiere/system/Boot.php(417): CodeIgniter\CodeIgniter->run()
#10 /home/ideapad/S4/SI/EtudiantMatiere/system/Boot.php(68): CodeIgniter\Boot::runCodeIgniter()
#11 /home/ideapad/S4/SI/EtudiantMatiere/public/index.php(59): CodeIgniter\Boot::bootWeb()
#12 {main}
CRITICAL - 2026-04-29 06:55:30 --> CodeIgniter\Database\Exceptions\DatabaseException: Unable to connect to the database.
Main connection [MySQLi]: No such file or directory
[Method: GET, Route: list]
in SYSTEMPATH/Database/BaseConnection.php on line 606.
 1 SYSTEMPATH/Database/BaseConnection.php(795): CodeIgniter\Database\BaseConnection->initialize()
 2 SYSTEMPATH/Database/BaseBuilder.php(1649): CodeIgniter\Database\BaseConnection->query()
 3 SYSTEMPATH/Model.php(253): CodeIgniter\Database\BaseBuilder->get()
 4 SYSTEMPATH/BaseModel.php(676): CodeIgniter\Model->doFindAll()
 5 APPPATH/Controllers/EtudiantController.php(10): CodeIgniter\BaseModel->findAll()
 6 SYSTEMPATH/CodeIgniter.php(951): App\Controllers\EtudiantController->getEtudiants()
 7 SYSTEMPATH/CodeIgniter.php(497): CodeIgniter\CodeIgniter->runController()
 8 SYSTEMPATH/CodeIgniter.php(340): CodeIgniter\CodeIgniter->handleRequest()
 9 SYSTEMPATH/Boot.php(417): CodeIgniter\CodeIgniter->run()
10 SYSTEMPATH/Boot.php(68): CodeIgniter\Boot::runCodeIgniter()
11 FCPATH/index.php(59): CodeIgniter\Boot::bootWeb()
ERROR - 2026-04-29 06:57:26 --> Error connecting to the database: mysqli_sql_exception: No such file or directory in /home/ideapad/S4/SI/EtudiantMatiere/system/Database/MySQLi/Connection.php:201
Stack trace:
#0 /home/ideapad/S4/SI/EtudiantMatiere/system/Database/MySQLi/Connection.php(201): mysqli->real_connect()
#1 /home/ideapad/S4/SI/EtudiantMatiere/system/Database/BaseConnection.php(555): CodeIgniter\Database\MySQLi\Connection->connect()
#2 /home/ideapad/S4/SI/EtudiantMatiere/system/Database/BaseConnection.php(795): CodeIgniter\Database\BaseConnection->initialize()
#3 /home/ideapad/S4/SI/EtudiantMatiere/system/Database/BaseBuilder.php(1649): CodeIgniter\Database\BaseConnection->query()
#4 /home/ideapad/S4/SI/EtudiantMatiere/system/Model.php(253): CodeIgniter\Database\BaseBuilder->get()
#5 /home/ideapad/S4/SI/EtudiantMatiere/system/BaseModel.php(676): CodeIgniter\Model->doFindAll()
#6 /home/ideapad/S4/SI/EtudiantMatiere/app/Controllers/EtudiantController.php(10): CodeIgniter\BaseModel->findAll()
#7 /home/ideapad/S4/SI/EtudiantMatiere/system/CodeIgniter.php(951): App\Controllers\EtudiantController->getEtudiants()
#8 /home/ideapad/S4/SI/EtudiantMatiere/system/CodeIgniter.php(497): CodeIgniter\CodeIgniter->runController()
#9 /home/ideapad/S4/SI/EtudiantMatiere/system/CodeIgniter.php(340): CodeIgniter\CodeIgniter->handleRequest()
#10 /home/ideapad/S4/SI/EtudiantMatiere/system/Boot.php(417): CodeIgniter\CodeIgniter->run()
#11 /home/ideapad/S4/SI/EtudiantMatiere/system/Boot.php(68): CodeIgniter\Boot::runCodeIgniter()
#12 /home/ideapad/S4/SI/EtudiantMatiere/public/index.php(59): CodeIgniter\Boot::bootWeb()
#13 {main}

Next CodeIgniter\Database\Exceptions\DatabaseException: No such file or directory in /home/ideapad/S4/SI/EtudiantMatiere/system/Database/MySQLi/Connection.php:231
Stack trace:
#0 /home/ideapad/S4/SI/EtudiantMatiere/system/Database/BaseConnection.php(555): CodeIgniter\Database\MySQLi\Connection->connect()
#1 /home/ideapad/S4/SI/EtudiantMatiere/system/Database/BaseConnection.php(795): CodeIgniter\Database\BaseConnection->initialize()
#2 /home/ideapad/S4/SI/EtudiantMatiere/system/Database/BaseBuilder.php(1649): CodeIgniter\Database\BaseConnection->query()
#3 /home/ideapad/S4/SI/EtudiantMatiere/system/Model.php(253): CodeIgniter\Database\BaseBuilder->get()
#4 /home/ideapad/S4/SI/EtudiantMatiere/system/BaseModel.php(676): CodeIgniter\Model->doFindAll()
#5 /home/ideapad/S4/SI/EtudiantMatiere/app/Controllers/EtudiantController.php(10): CodeIgniter\BaseModel->findAll()
#6 /home/ideapad/S4/SI/EtudiantMatiere/system/CodeIgniter.php(951): App\Controllers\EtudiantController->getEtudiants()
#7 /home/ideapad/S4/SI/EtudiantMatiere/system/CodeIgniter.php(497): CodeIgniter\CodeIgniter->runController()
#8 /home/ideapad/S4/SI/EtudiantMatiere/system/CodeIgniter.php(340): CodeIgniter\CodeIgniter->handleRequest()
#9 /home/ideapad/S4/SI/EtudiantMatiere/system/Boot.php(417): CodeIgniter\CodeIgniter->run()
#10 /home/ideapad/S4/SI/EtudiantMatiere/system/Boot.php(68): CodeIgniter\Boot::runCodeIgniter()
#11 /home/ideapad/S4/SI/EtudiantMatiere/public/index.php(59): CodeIgniter\Boot::bootWeb()
#12 {main}
CRITICAL - 2026-04-29 06:57:26 --> CodeIgniter\Database\Exceptions\DatabaseException: Unable to connect to the database.
Main connection [MySQLi]: No such file or directory
[Method: GET, Route: list]
in SYSTEMPATH/Database/BaseConnection.php on line 606.
 1 SYSTEMPATH/Database/BaseConnection.php(795): CodeIgniter\Database\BaseConnection->initialize()
 2 SYSTEMPATH/Database/BaseBuilder.php(1649): CodeIgniter\Database\BaseConnection->query()
 3 SYSTEMPATH/Model.php(253): CodeIgniter\Database\BaseBuilder->get()
 4 SYSTEMPATH/BaseModel.php(676): CodeIgniter\Model->doFindAll()
 5 APPPATH/Controllers/EtudiantController.php(10): CodeIgniter\BaseModel->findAll()
 6 SYSTEMPATH/CodeIgniter.php(951): App\Controllers\EtudiantController->getEtudiants()
 7 SYSTEMPATH/CodeIgniter.php(497): CodeIgniter\CodeIgniter->runController()
 8 SYSTEMPATH/CodeIgniter.php(340): CodeIgniter\CodeIgniter->handleRequest()
 9 SYSTEMPATH/Boot.php(417): CodeIgniter\CodeIgniter->run()
10 SYSTEMPATH/Boot.php(68): CodeIgniter\Boot::runCodeIgniter()
11 FCPATH/index.php(59): CodeIgniter\Boot::bootWeb()
CRITICAL - 2026-04-29 07:18:02 --> ErrorException: Undefined variable $user
[Method: GET, Route: /]
in APPPATH/Views/login.php on line 41.
 1 APPPATH/Views/login.php(41): CodeIgniter\Debug\Exceptions->errorHandler()
 2 SYSTEMPATH/View/View.php(240): include('/home/tendry/Documents/GitHub/EtudiantMatiere/app/Views/login.php')
 3 SYSTEMPATH/View/View.php(243): CodeIgniter\View\View->CodeIgniter\View\{closure}()
 4 SYSTEMPATH/Common.php(1250): CodeIgniter\View\View->render()
 5 APPPATH/Controllers/Home.php(21): view()
 6 SYSTEMPATH/CodeIgniter.php(951): App\Controllers\Home->login()
 7 SYSTEMPATH/CodeIgniter.php(497): CodeIgniter\CodeIgniter->runController()
 8 SYSTEMPATH/CodeIgniter.php(340): CodeIgniter\CodeIgniter->handleRequest()
 9 SYSTEMPATH/Boot.php(417): CodeIgniter\CodeIgniter->run()
10 SYSTEMPATH/Boot.php(68): CodeIgniter\Boot::runCodeIgniter()
11 FCPATH/index.php(59): CodeIgniter\Boot::bootWeb()
CRITICAL - 2026-04-29 07:18:03 --> ErrorException: Undefined variable $user
[Method: GET, Route: /]
in APPPATH/Views/login.php on line 41.
 1 APPPATH/Views/login.php(41): CodeIgniter\Debug\Exceptions->errorHandler()
 2 SYSTEMPATH/View/View.php(240): include('/home/tendry/Documents/GitHub/EtudiantMatiere/app/Views/login.php')
 3 SYSTEMPATH/View/View.php(243): CodeIgniter\View\View->CodeIgniter\View\{closure}()
 4 SYSTEMPATH/Common.php(1250): CodeIgniter\View\View->render()
 5 APPPATH/Controllers/Home.php(21): view()
 6 SYSTEMPATH/CodeIgniter.php(951): App\Controllers\Home->login()
 7 SYSTEMPATH/CodeIgniter.php(497): CodeIgniter\CodeIgniter->runController()
 8 SYSTEMPATH/CodeIgniter.php(340): CodeIgniter\CodeIgniter->handleRequest()
 9 SYSTEMPATH/Boot.php(417): CodeIgniter\CodeIgniter->run()
10 SYSTEMPATH/Boot.php(68): CodeIgniter\Boot::runCodeIgniter()
11 FCPATH/index.php(59): CodeIgniter\Boot::bootWeb()
CRITICAL - 2026-04-29 07:18:03 --> ErrorException: Undefined variable $user
[Method: GET, Route: /]
in APPPATH/Views/login.php on line 41.
 1 APPPATH/Views/login.php(41): CodeIgniter\Debug\Exceptions->errorHandler()
 2 SYSTEMPATH/View/View.php(240): include('/home/tendry/Documents/GitHub/EtudiantMatiere/app/Views/login.php')
 3 SYSTEMPATH/View/View.php(243): CodeIgniter\View\View->CodeIgniter\View\{closure}()
 4 SYSTEMPATH/Common.php(1250): CodeIgniter\View\View->render()
 5 APPPATH/Controllers/Home.php(21): view()
 6 SYSTEMPATH/CodeIgniter.php(951): App\Controllers\Home->login()
 7 SYSTEMPATH/CodeIgniter.php(497): CodeIgniter\CodeIgniter->runController()
 8 SYSTEMPATH/CodeIgniter.php(340): CodeIgniter\CodeIgniter->handleRequest()
 9 SYSTEMPATH/Boot.php(417): CodeIgniter\CodeIgniter->run()
10 SYSTEMPATH/Boot.php(68): CodeIgniter\Boot::runCodeIgniter()
11 FCPATH/index.php(59): CodeIgniter\Boot::bootWeb()
CRITICAL - 2026-04-29 07:18:56 --> ErrorException: Undefined variable $user
[Method: GET, Route: /]
in APPPATH/Views/login.php on line 41.
 1 APPPATH/Views/login.php(41): CodeIgniter\Debug\Exceptions->errorHandler()
 2 SYSTEMPATH/View/View.php(240): include('/home/tendry/Documents/GitHub/EtudiantMatiere/app/Views/login.php')
 3 SYSTEMPATH/View/View.php(243): CodeIgniter\View\View->CodeIgniter\View\{closure}()
 4 SYSTEMPATH/Common.php(1250): CodeIgniter\View\View->render()
 5 APPPATH/Controllers/Home.php(21): view()
 6 SYSTEMPATH/CodeIgniter.php(951): App\Controllers\Home->login()
 7 SYSTEMPATH/CodeIgniter.php(497): CodeIgniter\CodeIgniter->runController()
 8 SYSTEMPATH/CodeIgniter.php(340): CodeIgniter\CodeIgniter->handleRequest()
 9 SYSTEMPATH/Boot.php(417): CodeIgniter\CodeIgniter->run()
10 SYSTEMPATH/Boot.php(68): CodeIgniter\Boot::runCodeIgniter()
11 FCPATH/index.php(59): CodeIgniter\Boot::bootWeb()
CRITICAL - 2026-04-29 07:18:56 --> ErrorException: Undefined variable $user
[Method: GET, Route: /]
in APPPATH/Views/login.php on line 41.
 1 APPPATH/Views/login.php(41): CodeIgniter\Debug\Exceptions->errorHandler()
 2 SYSTEMPATH/View/View.php(240): include('/home/tendry/Documents/GitHub/EtudiantMatiere/app/Views/login.php')
 3 SYSTEMPATH/View/View.php(243): CodeIgniter\View\View->CodeIgniter\View\{closure}()
 4 SYSTEMPATH/Common.php(1250): CodeIgniter\View\View->render()
 5 APPPATH/Controllers/Home.php(21): view()
 6 SYSTEMPATH/CodeIgniter.php(951): App\Controllers\Home->login()
 7 SYSTEMPATH/CodeIgniter.php(497): CodeIgniter\CodeIgniter->runController()
 8 SYSTEMPATH/CodeIgniter.php(340): CodeIgniter\CodeIgniter->handleRequest()
 9 SYSTEMPATH/Boot.php(417): CodeIgniter\CodeIgniter->run()
10 SYSTEMPATH/Boot.php(68): CodeIgniter\Boot::runCodeIgniter()
11 FCPATH/index.php(59): CodeIgniter\Boot::bootWeb()
CRITICAL - 2026-04-29 07:18:57 --> ErrorException: Undefined variable $user
[Method: GET, Route: /]
in APPPATH/Views/login.php on line 41.
 1 APPPATH/Views/login.php(41): CodeIgniter\Debug\Exceptions->errorHandler()
 2 SYSTEMPATH/View/View.php(240): include('/home/tendry/Documents/GitHub/EtudiantMatiere/app/Views/login.php')
 3 SYSTEMPATH/View/View.php(243): CodeIgniter\View\View->CodeIgniter\View\{closure}()
 4 SYSTEMPATH/Common.php(1250): CodeIgniter\View\View->render()
 5 APPPATH/Controllers/Home.php(21): view()
 6 SYSTEMPATH/CodeIgniter.php(951): App\Controllers\Home->login()
 7 SYSTEMPATH/CodeIgniter.php(497): CodeIgniter\CodeIgniter->runController()
 8 SYSTEMPATH/CodeIgniter.php(340): CodeIgniter\CodeIgniter->handleRequest()
 9 SYSTEMPATH/Boot.php(417): CodeIgniter\CodeIgniter->run()
10 SYSTEMPATH/Boot.php(68): CodeIgniter\Boot::runCodeIgniter()
11 FCPATH/index.php(59): CodeIgniter\Boot::bootWeb()
CRITICAL - 2026-04-29 07:18:57 --> ErrorException: Undefined variable $user
[Method: GET, Route: /]
in APPPATH/Views/login.php on line 41.
 1 APPPATH/Views/login.php(41): CodeIgniter\Debug\Exceptions->errorHandler()
 2 SYSTEMPATH/View/View.php(240): include('/home/tendry/Documents/GitHub/EtudiantMatiere/app/Views/login.php')
 3 SYSTEMPATH/View/View.php(243): CodeIgniter\View\View->CodeIgniter\View\{closure}()
 4 SYSTEMPATH/Common.php(1250): CodeIgniter\View\View->render()
 5 APPPATH/Controllers/Home.php(21): view()
 6 SYSTEMPATH/CodeIgniter.php(951): App\Controllers\Home->login()
 7 SYSTEMPATH/CodeIgniter.php(497): CodeIgniter\CodeIgniter->runController()
 8 SYSTEMPATH/CodeIgniter.php(340): CodeIgniter\CodeIgniter->handleRequest()
 9 SYSTEMPATH/Boot.php(417): CodeIgniter\CodeIgniter->run()
10 SYSTEMPATH/Boot.php(68): CodeIgniter\Boot::runCodeIgniter()
11 FCPATH/index.php(59): CodeIgniter\Boot::bootWeb()
CRITICAL - 2026-04-29 07:18:57 --> ErrorException: Undefined variable $user
[Method: GET, Route: /]
in APPPATH/Views/login.php on line 41.
 1 APPPATH/Views/login.php(41): CodeIgniter\Debug\Exceptions->errorHandler()
 2 SYSTEMPATH/View/View.php(240): include('/home/tendry/Documents/GitHub/EtudiantMatiere/app/Views/login.php')
 3 SYSTEMPATH/View/View.php(243): CodeIgniter\View\View->CodeIgniter\View\{closure}()
 4 SYSTEMPATH/Common.php(1250): CodeIgniter\View\View->render()
 5 APPPATH/Controllers/Home.php(21): view()
 6 SYSTEMPATH/CodeIgniter.php(951): App\Controllers\Home->login()
 7 SYSTEMPATH/CodeIgniter.php(497): CodeIgniter\CodeIgniter->runController()
 8 SYSTEMPATH/CodeIgniter.php(340): CodeIgniter\CodeIgniter->handleRequest()
 9 SYSTEMPATH/Boot.php(417): CodeIgniter\CodeIgniter->run()
10 SYSTEMPATH/Boot.php(68): CodeIgniter\Boot::runCodeIgniter()
11 FCPATH/index.php(59): CodeIgniter\Boot::bootWeb()
CRITICAL - 2026-04-29 07:19:04 --> ErrorException: Undefined variable $user
[Method: GET, Route: /]
in APPPATH/Views/login.php on line 41.
 1 APPPATH/Views/login.php(41): CodeIgniter\Debug\Exceptions->errorHandler()
 2 SYSTEMPATH/View/View.php(240): include('/home/tendry/Documents/GitHub/EtudiantMatiere/app/Views/login.php')
 3 SYSTEMPATH/View/View.php(243): CodeIgniter\View\View->CodeIgniter\View\{closure}()
 4 SYSTEMPATH/Common.php(1250): CodeIgniter\View\View->render()
 5 APPPATH/Controllers/Home.php(21): view()
 6 SYSTEMPATH/CodeIgniter.php(951): App\Controllers\Home->login()
 7 SYSTEMPATH/CodeIgniter.php(497): CodeIgniter\CodeIgniter->runController()
 8 SYSTEMPATH/CodeIgniter.php(340): CodeIgniter\CodeIgniter->handleRequest()
 9 SYSTEMPATH/Boot.php(417): CodeIgniter\CodeIgniter->run()
10 SYSTEMPATH/Boot.php(68): CodeIgniter\Boot::runCodeIgniter()
11 FCPATH/index.php(59): CodeIgniter\Boot::bootWeb()
CRITICAL - 2026-04-29 07:19:08 --> ErrorException: Undefined variable $user
[Method: GET, Route: /]
in APPPATH/Views/login.php on line 41.
 1 APPPATH/Views/login.php(41): CodeIgniter\Debug\Exceptions->errorHandler()
 2 SYSTEMPATH/View/View.php(240): include('/home/tendry/Documents/GitHub/EtudiantMatiere/app/Views/login.php')
 3 SYSTEMPATH/View/View.php(243): CodeIgniter\View\View->CodeIgniter\View\{closure}()
 4 SYSTEMPATH/Common.php(1250): CodeIgniter\View\View->render()
 5 APPPATH/Controllers/Home.php(21): view()
 6 SYSTEMPATH/CodeIgniter.php(951): App\Controllers\Home->login()
CRITICAL - 2026-04-29 07:20:54 --> ErrorException: Undefined variable $etudiants
[Method: GET, Route: list]
in APPPATH/Views/list.php on line 167.
 1 APPPATH/Views/list.php(167): CodeIgniter\Debug\Exceptions->errorHandler()
 2 SYSTEMPATH/View/View.php(240): include('/home/ideapad/S4/SI/EtudiantMatiere/app/Views/list.php')
 3 SYSTEMPATH/View/View.php(243): CodeIgniter\View\View->CodeIgniter\View\{closure}()
 4 SYSTEMPATH/Common.php(1250): CodeIgniter\View\View->render()
 5 APPPATH/Controllers/EtudiantController.php(12): view()
 6 SYSTEMPATH/CodeIgniter.php(951): App\Controllers\EtudiantController->getEtudiants()
 7 SYSTEMPATH/CodeIgniter.php(497): CodeIgniter\CodeIgniter->runController()
 8 SYSTEMPATH/CodeIgniter.php(340): CodeIgniter\CodeIgniter->handleRequest()
 9 SYSTEMPATH/Boot.php(417): CodeIgniter\CodeIgniter->run()
10 SYSTEMPATH/Boot.php(68): CodeIgniter\Boot::runCodeIgniter()
11 FCPATH/index.php(59): CodeIgniter\Boot::bootWeb()
CRITICAL - 2026-04-29 07:50:35 --> ErrorException: Undefined variable $etudiants
[Method: GET, Route: list]
in APPPATH/Views/list.php on line 169.
 1 APPPATH/Views/list.php(169): CodeIgniter\Debug\Exceptions->errorHandler()
 2 SYSTEMPATH/View/View.php(240): include('/home/tendry/Documents/GitHub/EtudiantMatiere/app/Views/list.php')
 3 SYSTEMPATH/View/View.php(243): CodeIgniter\View\View->CodeIgniter\View\{closure}()
 4 SYSTEMPATH/Common.php(1250): CodeIgniter\View\View->render()
 5 APPPATH/Controllers/Home.php(17): view()
 6 SYSTEMPATH/CodeIgniter.php(951): App\Controllers\Home->list()
 7 SYSTEMPATH/CodeIgniter.php(497): CodeIgniter\CodeIgniter->runController()
 8 SYSTEMPATH/CodeIgniter.php(340): CodeIgniter\CodeIgniter->handleRequest()
 9 SYSTEMPATH/Boot.php(417): CodeIgniter\CodeIgniter->run()
10 SYSTEMPATH/Boot.php(68): CodeIgniter\Boot::runCodeIgniter()
11 FCPATH/index.php(59): CodeIgniter\Boot::bootWeb()
CRITICAL - 2026-04-29 07:50:36 --> ErrorException: Undefined variable $etudiants
[Method: GET, Route: list]
in APPPATH/Views/list.php on line 169.
 1 APPPATH/Views/list.php(169): CodeIgniter\Debug\Exceptions->errorHandler()
 2 SYSTEMPATH/View/View.php(240): include('/home/tendry/Documents/GitHub/EtudiantMatiere/app/Views/list.php')
 3 SYSTEMPATH/View/View.php(243): CodeIgniter\View\View->CodeIgniter\View\{closure}()
 4 SYSTEMPATH/Common.php(1250): CodeIgniter\View\View->render()
 5 APPPATH/Controllers/Home.php(17): view()
 6 SYSTEMPATH/CodeIgniter.php(951): App\Controllers\Home->list()
 7 SYSTEMPATH/CodeIgniter.php(497): CodeIgniter\CodeIgniter->runController()
 8 SYSTEMPATH/CodeIgniter.php(340): CodeIgniter\CodeIgniter->handleRequest()
 9 SYSTEMPATH/Boot.php(417): CodeIgniter\CodeIgniter->run()
10 SYSTEMPATH/Boot.php(68): CodeIgniter\Boot::runCodeIgniter()
11 FCPATH/index.php(59): CodeIgniter\Boot::bootWeb()
CRITICAL - 2026-04-29 07:50:56 --> ErrorException: Undefined variable $etudiants
[Method: GET, Route: list]
in APPPATH/Views/list.php on line 169.
 1 APPPATH/Views/list.php(169): CodeIgniter\Debug\Exceptions->errorHandler()
 2 SYSTEMPATH/View/View.php(240): include('/home/tendry/Documents/GitHub/EtudiantMatiere/app/Views/list.php')
 3 SYSTEMPATH/View/View.php(243): CodeIgniter\View\View->CodeIgniter\View\{closure}()
 4 SYSTEMPATH/Common.php(1250): CodeIgniter\View\View->render()
 5 APPPATH/Controllers/Home.php(17): view()
 6 SYSTEMPATH/CodeIgniter.php(951): App\Controllers\Home->list()
 7 SYSTEMPATH/CodeIgniter.php(497): CodeIgniter\CodeIgniter->runController()
 8 SYSTEMPATH/CodeIgniter.php(340): CodeIgniter\CodeIgniter->handleRequest()
 9 SYSTEMPATH/Boot.php(417): CodeIgniter\CodeIgniter->run()
10 SYSTEMPATH/Boot.php(68): CodeIgniter\Boot::runCodeIgniter()
11 FCPATH/index.php(59): CodeIgniter\Boot::bootWeb()
CRITICAL - 2026-04-29 07:51:17 --> ErrorException: Undefined variable $etudiants
[Method: GET, Route: list]
in APPPATH/Views/list.php on line 169.
 1 APPPATH/Views/list.php(169): CodeIgniter\Debug\Exceptions->errorHandler()
 2 SYSTEMPATH/View/View.php(240): include('/home/tendry/Documents/GitHub/EtudiantMatiere/app/Views/list.php')
 3 SYSTEMPATH/View/View.php(243): CodeIgniter\View\View->CodeIgniter\View\{closure}()
 4 SYSTEMPATH/Common.php(1250): CodeIgniter\View\View->render()
 5 APPPATH/Controllers/Home.php(17): view()
 6 SYSTEMPATH/CodeIgniter.php(951): App\Controllers\Home->list()
 7 SYSTEMPATH/CodeIgniter.php(497): CodeIgniter\CodeIgniter->runController()
 8 SYSTEMPATH/CodeIgniter.php(340): CodeIgniter\CodeIgniter->handleRequest()
 9 SYSTEMPATH/Boot.php(417): CodeIgniter\CodeIgniter->run()
10 SYSTEMPATH/Boot.php(68): CodeIgniter\Boot::runCodeIgniter()
11 FCPATH/index.php(59): CodeIgniter\Boot::bootWeb()
CRITICAL - 2026-04-29 07:51:18 --> ErrorException: Undefined variable $etudiants
[Method: GET, Route: list]
in APPPATH/Views/list.php on line 169.
 1 APPPATH/Views/list.php(169): CodeIgniter\Debug\Exceptions->errorHandler()
 2 SYSTEMPATH/View/View.php(240): include('/home/tendry/Documents/GitHub/EtudiantMatiere/app/Views/list.php')
 3 SYSTEMPATH/View/View.php(243): CodeIgniter\View\View->CodeIgniter\View\{closure}()
 4 SYSTEMPATH/Common.php(1250): CodeIgniter\View\View->render()
 5 APPPATH/Controllers/Home.php(17): view()
 6 SYSTEMPATH/CodeIgniter.php(951): App\Controllers\Home->list()
 7 SYSTEMPATH/CodeIgniter.php(497): CodeIgniter\CodeIgniter->runController()
 8 SYSTEMPATH/CodeIgniter.php(340): CodeIgniter\CodeIgniter->handleRequest()
 9 SYSTEMPATH/Boot.php(417): CodeIgniter\CodeIgniter->run()
10 SYSTEMPATH/Boot.php(68): CodeIgniter\Boot::runCodeIgniter()
11 FCPATH/index.php(59): CodeIgniter\Boot::bootWeb()
CRITICAL - 2026-04-29 07:51:47 --> ErrorException: Undefined variable $etudiants
[Method: GET, Route: list]
in APPPATH/Views/list.php on line 169.
 1 APPPATH/Views/list.php(169): CodeIgniter\Debug\Exceptions->errorHandler()
 2 SYSTEMPATH/View/View.php(240): include('/home/tendry/Documents/GitHub/EtudiantMatiere/app/Views/list.php')
 3 SYSTEMPATH/View/View.php(243): CodeIgniter\View\View->CodeIgniter\View\{closure}()
 4 SYSTEMPATH/Common.php(1250): CodeIgniter\View\View->render()
 5 APPPATH/Controllers/Home.php(17): view()
 6 SYSTEMPATH/CodeIgniter.php(951): App\Controllers\Home->list()
 7 SYSTEMPATH/CodeIgniter.php(497): CodeIgniter\CodeIgniter->runController()
 8 SYSTEMPATH/CodeIgniter.php(340): CodeIgniter\CodeIgniter->handleRequest()
 9 SYSTEMPATH/Boot.php(417): CodeIgniter\CodeIgniter->run()
10 SYSTEMPATH/Boot.php(68): CodeIgniter\Boot::runCodeIgniter()
11 FCPATH/index.php(59): CodeIgniter\Boot::bootWeb()
CRITICAL - 2026-04-29 07:52:44 --> ErrorException: Undefined variable $etudiants
[Method: GET, Route: list]
in APPPATH/Views/list.php on line 169.
 1 APPPATH/Views/list.php(169): CodeIgniter\Debug\Exceptions->errorHandler()
 2 SYSTEMPATH/View/View.php(240): include('/home/tendry/Documents/GitHub/EtudiantMatiere/app/Views/list.php')
 3 SYSTEMPATH/View/View.php(243): CodeIgniter\View\View->CodeIgniter\View\{closure}()
 4 SYSTEMPATH/Common.php(1250): CodeIgniter\View\View->render()
 5 APPPATH/Controllers/Home.php(17): view()
 6 SYSTEMPATH/CodeIgniter.php(951): App\Controllers\Home->list()
 7 SYSTEMPATH/CodeIgniter.php(497): CodeIgniter\CodeIgniter->runController()
 8 SYSTEMPATH/CodeIgniter.php(340): CodeIgniter\CodeIgniter->handleRequest()
 9 SYSTEMPATH/Boot.php(417): CodeIgniter\CodeIgniter->run()
10 SYSTEMPATH/Boot.php(68): CodeIgniter\Boot::runCodeIgniter()
11 FCPATH/index.php(59): CodeIgniter\Boot::bootWeb()
CRITICAL - 2026-04-29 07:57:23 --> ErrorException: Undefined variable $etudiants
[Method: GET, Route: list]
in APPPATH/Views/list.php on line 169.
 1 APPPATH/Views/list.php(169): CodeIgniter\Debug\Exceptions->errorHandler()
 2 SYSTEMPATH/View/View.php(240): include('/home/tendry/Documents/GitHub/EtudiantMatiere/app/Views/list.php')
 3 SYSTEMPATH/View/View.php(243): CodeIgniter\View\View->CodeIgniter\View\{closure}()
 4 SYSTEMPATH/Common.php(1250): CodeIgniter\View\View->render()
 5 APPPATH/Controllers/Home.php(17): view()
 6 SYSTEMPATH/CodeIgniter.php(951): App\Controllers\Home->list()
 7 SYSTEMPATH/CodeIgniter.php(497): CodeIgniter\CodeIgniter->runController()
 8 SYSTEMPATH/CodeIgniter.php(340): CodeIgniter\CodeIgniter->handleRequest()
 9 SYSTEMPATH/Boot.php(417): CodeIgniter\CodeIgniter->run()
10 SYSTEMPATH/Boot.php(68): CodeIgniter\Boot::runCodeIgniter()
11 FCPATH/index.php(59): CodeIgniter\Boot::bootWeb()
CRITICAL - 2026-04-29 08:53:31 --> CodeIgniter\View\Exceptions\ViewException: Invalid file: "form.php"
[Method: GET, Route: form]
in SYSTEMPATH/Exceptions/FrameworkException.php on line 39.
 1 SYSTEMPATH/View/View.php(228): CodeIgniter\Exceptions\FrameworkException::forInvalidFile()
 2 SYSTEMPATH/Common.php(1250): CodeIgniter\View\View->render()
 3 APPPATH/Controllers/Home.php(13): view()
 4 SYSTEMPATH/CodeIgniter.php(951): App\Controllers\Home->form()
 5 SYSTEMPATH/CodeIgniter.php(497): CodeIgniter\CodeIgniter->runController()
 6 SYSTEMPATH/CodeIgniter.php(340): CodeIgniter\CodeIgniter->handleRequest()
 7 SYSTEMPATH/Boot.php(417): CodeIgniter\CodeIgniter->run()
 8 SYSTEMPATH/Boot.php(68): CodeIgniter\Boot::runCodeIgniter()
 9 FCPATH/index.php(59): CodeIgniter\Boot::bootWeb()
CRITICAL - 2026-04-29 08:53:40 --> CodeIgniter\View\Exceptions\ViewException: Invalid file: "form.php"
[Method: GET, Route: form]
in SYSTEMPATH/Exceptions/FrameworkException.php on line 39.
 1 SYSTEMPATH/View/View.php(228): CodeIgniter\Exceptions\FrameworkException::forInvalidFile()
 2 SYSTEMPATH/Common.php(1250): CodeIgniter\View\View->render()
 3 APPPATH/Controllers/Home.php(13): view()
 4 SYSTEMPATH/CodeIgniter.php(951): App\Controllers\Home->form()
 5 SYSTEMPATH/CodeIgniter.php(497): CodeIgniter\CodeIgniter->runController()
 6 SYSTEMPATH/CodeIgniter.php(340): CodeIgniter\CodeIgniter->handleRequest()
 7 SYSTEMPATH/Boot.php(417): CodeIgniter\CodeIgniter->run()
 8 SYSTEMPATH/Boot.php(68): CodeIgniter\Boot::runCodeIgniter()
 9 FCPATH/index.php(59): CodeIgniter\Boot::bootWeb()
